{"/Users/adampeterson/Github/mutts/components/admin/MedicalRecordTable.tsx": {"path":"/Users/adampeterson/Github/mutts/components/admin/MedicalRecordTable.tsx","statementMap":{"0":{"start":{"line":17,"column":28},"end":{"line":23,"column":null}},"1":{"start":{"line":18,"column":4},"end":{"line":22,"column":null}},"2":{"start":{"line":25,"column":2},"end":{"line":76,"column":null}},"3":{"start":{"line":41,"column":14},"end":{"line":71,"column":null}}},"fnMap":{"0":{"name":"MedicalRecordTable","decl":{"start":{"line":16,"column":24},"end":{"line":16,"column":43}},"loc":{"start":{"line":16,"column":88},"end":{"line":78,"column":null}},"line":16},"1":{"name":"(anonymous_1)","decl":{"start":{"line":17,"column":28},"end":{"line":17,"column":29}},"loc":{"start":{"line":17,"column":44},"end":{"line":23,"column":null}},"line":17},"2":{"name":"(anonymous_2)","decl":{"start":{"line":40,"column":32},"end":{"line":40,"column":33}},"loc":{"start":{"line":41,"column":14},"end":{"line":71,"column":null}},"line":41}},"branchMap":{"0":{"loc":{"start":{"line":27,"column":7},"end":{"line":28,"column":null}},"type":"binary-expr","locations":[{"start":{"line":27,"column":7},"end":{"line":27,"column":null}},{"start":{"line":28,"column":10},"end":{"line":28,"column":null}}],"line":27},"1":{"loc":{"start":{"line":30,"column":7},"end":{"line":74,"column":null}},"type":"binary-expr","locations":[{"start":{"line":30,"column":7},"end":{"line":30,"column":null}},{"start":{"line":31,"column":8},"end":{"line":74,"column":null}}],"line":30},"2":{"loc":{"start":{"line":45,"column":19},"end":{"line":53,"column":null}},"type":"binary-expr","locations":[{"start":{"line":45,"column":19},"end":{"line":45,"column":null}},{"start":{"line":46,"column":20},"end":{"line":53,"column":null}}],"line":45},"3":{"loc":{"start":{"line":48,"column":23},"end":{"line":51,"column":null}},"type":"binary-expr","locations":[{"start":{"line":48,"column":23},"end":{"line":48,"column":null}},{"start":{"line":49,"column":24},"end":{"line":51,"column":null}}],"line":48},"4":{"loc":{"start":{"line":55,"column":19},"end":{"line":61,"column":null}},"type":"binary-expr","locations":[{"start":{"line":55,"column":19},"end":{"line":55,"column":null}},{"start":{"line":56,"column":20},"end":{"line":61,"column":null}}],"line":55},"5":{"loc":{"start":{"line":63,"column":19},"end":{"line":67,"column":null}},"type":"binary-expr","locations":[{"start":{"line":63,"column":19},"end":{"line":63,"column":null}},{"start":{"line":64,"column":20},"end":{"line":67,"column":null}}],"line":63},"6":{"loc":{"start":{"line":69,"column":19},"end":{"line":69,"column":null}},"type":"binary-expr","locations":[{"start":{"line":69,"column":19},"end":{"line":69,"column":45}},{"start":{"line":69,"column":45},"end":{"line":69,"column":null}}],"line":69},"7":{"loc":{"start":{"line":69,"column":49},"end":{"line":69,"column":71}},"type":"binary-expr","locations":[{"start":{"line":69,"column":49},"end":{"line":69,"column":65}},{"start":{"line":69,"column":65},"end":{"line":69,"column":71}}],"line":69}},"s":{"0":6,"1":13,"2":6,"3":8},"f":{"0":6,"1":13,"2":8},"b":{"0":[6,1],"1":[6,5],"2":[8,5],"3":[5,5],"4":[8,0],"5":[8,3],"6":[8,0],"7":[0,0]},"meta":{"lastBranch":8,"lastFunction":3,"lastStatement":4,"seen":{"f:16:24:16:43":0,"s:17:28:23:Infinity":0,"f:17:28:17:29":1,"s:18:4:22:Infinity":1,"s:25:2:76:Infinity":2,"b:27:7:27:Infinity:28:10:28:Infinity":0,"b:30:7:30:Infinity:31:8:74:Infinity":1,"f:40:32:40:33":2,"s:41:14:71:Infinity":3,"b:45:19:45:Infinity:46:20:53:Infinity":2,"b:48:23:48:Infinity:49:24:51:Infinity":3,"b:55:19:55:Infinity:56:20:61:Infinity":4,"b:63:19:63:Infinity:64:20:67:Infinity":5,"b:69:19:69:45:69:45:69:Infinity":6,"b:69:49:69:65:69:65:69:71":7}}}
,"/Users/adampeterson/Github/mutts/components/ui/badge.tsx": {"path":"/Users/adampeterson/Github/mutts/components/ui/badge.tsx","statementMap":{"0":{"start":{"line":6,"column":6},"end":{"line":24,"column":null}},"1":{"start":{"line":31,"column":2},"end":{"line":32,"column":null}}},"fnMap":{"0":{"name":"Badge","decl":{"start":{"line":30,"column":9},"end":{"line":30,"column":15}},"loc":{"start":{"line":30,"column":61},"end":{"line":34,"column":null}},"line":30}},"branchMap":{},"s":{"0":2,"1":19},"f":{"0":19},"b":{},"meta":{"lastBranch":0,"lastFunction":1,"lastStatement":2,"seen":{"s:6:6:24:Infinity":0,"f:30:9:30:15":0,"s:31:2:32:Infinity":1}}}
,"/Users/adampeterson/Github/mutts/components/ui/card.tsx": {"path":"/Users/adampeterson/Github/mutts/components/ui/card.tsx","statementMap":{"0":{"start":{"line":5,"column":13},"end":{"line":17,"column":null}},"1":{"start":{"line":9,"column":2},"end":{"line":16,"column":null}},"2":{"start":{"line":18,"column":0},"end":{"line":18,"column":null}},"3":{"start":{"line":20,"column":19},"end":{"line":29,"column":null}},"4":{"start":{"line":24,"column":2},"end":{"line":28,"column":null}},"5":{"start":{"line":30,"column":0},"end":{"line":30,"column":null}},"6":{"start":{"line":32,"column":18},"end":{"line":41,"column":null}},"7":{"start":{"line":36,"column":2},"end":{"line":40,"column":null}},"8":{"start":{"line":42,"column":0},"end":{"line":42,"column":null}},"9":{"start":{"line":44,"column":24},"end":{"line":53,"column":null}},"10":{"start":{"line":48,"column":2},"end":{"line":52,"column":null}},"11":{"start":{"line":54,"column":0},"end":{"line":54,"column":null}},"12":{"start":{"line":56,"column":20},"end":{"line":61,"column":null}},"13":{"start":{"line":60,"column":2},"end":{"line":60,"column":null}},"14":{"start":{"line":62,"column":0},"end":{"line":62,"column":null}},"15":{"start":{"line":64,"column":19},"end":{"line":73,"column":null}},"16":{"start":{"line":68,"column":2},"end":{"line":72,"column":null}},"17":{"start":{"line":74,"column":0},"end":{"line":74,"column":null}}},"fnMap":{"0":{"name":"(anonymous_0)","decl":{"start":{"line":8,"column":2},"end":{"line":8,"column":3}},"loc":{"start":{"line":9,"column":2},"end":{"line":16,"column":null}},"line":9},"1":{"name":"(anonymous_1)","decl":{"start":{"line":23,"column":2},"end":{"line":23,"column":3}},"loc":{"start":{"line":24,"column":2},"end":{"line":28,"column":null}},"line":24},"2":{"name":"(anonymous_2)","decl":{"start":{"line":35,"column":2},"end":{"line":35,"column":3}},"loc":{"start":{"line":36,"column":2},"end":{"line":40,"column":null}},"line":36},"3":{"name":"(anonymous_3)","decl":{"start":{"line":47,"column":2},"end":{"line":47,"column":3}},"loc":{"start":{"line":48,"column":2},"end":{"line":52,"column":null}},"line":48},"4":{"name":"(anonymous_4)","decl":{"start":{"line":59,"column":2},"end":{"line":59,"column":3}},"loc":{"start":{"line":60,"column":2},"end":{"line":60,"column":null}},"line":60},"5":{"name":"(anonymous_5)","decl":{"start":{"line":67,"column":2},"end":{"line":67,"column":3}},"loc":{"start":{"line":68,"column":2},"end":{"line":72,"column":null}},"line":68}},"branchMap":{},"s":{"0":1,"1":11,"2":1,"3":1,"4":11,"5":1,"6":1,"7":11,"8":1,"9":1,"10":11,"11":1,"12":1,"13":11,"14":1,"15":1,"16":11,"17":1},"f":{"0":11,"1":11,"2":11,"3":11,"4":11,"5":11},"b":{},"meta":{"lastBranch":0,"lastFunction":6,"lastStatement":18,"seen":{"s:5:13:17:Infinity":0,"f:8:2:8:3":0,"s:9:2:16:Infinity":1,"s:18:0:18:Infinity":2,"s:20:19:29:Infinity":3,"f:23:2:23:3":1,"s:24:2:28:Infinity":4,"s:30:0:30:Infinity":5,"s:32:18:41:Infinity":6,"f:35:2:35:3":2,"s:36:2:40:Infinity":7,"s:42:0:42:Infinity":8,"s:44:24:53:Infinity":9,"f:47:2:47:3":3,"s:48:2:52:Infinity":10,"s:54:0:54:Infinity":11,"s:56:20:61:Infinity":12,"f:59:2:59:3":4,"s:60:2:60:Infinity":13,"s:62:0:62:Infinity":14,"s:64:19:73:Infinity":15,"f:67:2:67:3":5,"s:68:2:72:Infinity":16,"s:74:0:74:Infinity":17}}}
,"/Users/adampeterson/Github/mutts/components/ui/table.tsx": {"path":"/Users/adampeterson/Github/mutts/components/ui/table.tsx","statementMap":{"0":{"start":{"line":8,"column":2},"end":{"line":18,"column":null}},"1":{"start":{"line":23,"column":2},"end":{"line":28,"column":null}},"2":{"start":{"line":33,"column":2},"end":{"line":38,"column":null}},"3":{"start":{"line":43,"column":2},"end":{"line":51,"column":null}},"4":{"start":{"line":56,"column":2},"end":{"line":64,"column":null}},"5":{"start":{"line":69,"column":2},"end":{"line":77,"column":null}},"6":{"start":{"line":82,"column":2},"end":{"line":90,"column":null}},"7":{"start":{"line":98,"column":2},"end":{"line":103,"column":null}}},"fnMap":{"0":{"name":"Table","decl":{"start":{"line":7,"column":9},"end":{"line":7,"column":15}},"loc":{"start":{"line":7,"column":71},"end":{"line":20,"column":null}},"line":7},"1":{"name":"TableHeader","decl":{"start":{"line":22,"column":9},"end":{"line":22,"column":21}},"loc":{"start":{"line":22,"column":77},"end":{"line":30,"column":null}},"line":22},"2":{"name":"TableBody","decl":{"start":{"line":32,"column":9},"end":{"line":32,"column":19}},"loc":{"start":{"line":32,"column":75},"end":{"line":40,"column":null}},"line":32},"3":{"name":"TableFooter","decl":{"start":{"line":42,"column":9},"end":{"line":42,"column":21}},"loc":{"start":{"line":42,"column":77},"end":{"line":53,"column":null}},"line":42},"4":{"name":"TableRow","decl":{"start":{"line":55,"column":9},"end":{"line":55,"column":18}},"loc":{"start":{"line":55,"column":71},"end":{"line":66,"column":null}},"line":55},"5":{"name":"TableHead","decl":{"start":{"line":68,"column":9},"end":{"line":68,"column":19}},"loc":{"start":{"line":68,"column":72},"end":{"line":79,"column":null}},"line":68},"6":{"name":"TableCell","decl":{"start":{"line":81,"column":9},"end":{"line":81,"column":19}},"loc":{"start":{"line":81,"column":72},"end":{"line":92,"column":null}},"line":81},"7":{"name":"TableCaption","decl":{"start":{"line":94,"column":9},"end":{"line":94,"column":22}},"loc":{"start":{"line":97,"column":36},"end":{"line":105,"column":null}},"line":97}},"branchMap":{},"s":{"0":5,"1":5,"2":5,"3":0,"4":13,"5":15,"6":24,"7":0},"f":{"0":5,"1":5,"2":5,"3":0,"4":13,"5":15,"6":24,"7":0},"b":{},"meta":{"lastBranch":0,"lastFunction":8,"lastStatement":8,"seen":{"f:7:9:7:15":0,"s:8:2:18:Infinity":0,"f:22:9:22:21":1,"s:23:2:28:Infinity":1,"f:32:9:32:19":2,"s:33:2:38:Infinity":2,"f:42:9:42:21":3,"s:43:2:51:Infinity":3,"f:55:9:55:18":4,"s:56:2:64:Infinity":4,"f:68:9:68:19":5,"s:69:2:77:Infinity":5,"f:81:9:81:19":6,"s:82:2:90:Infinity":6,"f:94:9:94:22":7,"s:98:2:103:Infinity":7}}}
,"/Users/adampeterson/Github/mutts/components/volunteer/ShiftList.tsx": {"path":"/Users/adampeterson/Github/mutts/components/volunteer/ShiftList.tsx","statementMap":{"0":{"start":{"line":22,"column":24},"end":{"line":22,"column":null}},"1":{"start":{"line":25,"column":61},"end":{"line":32,"column":null}},"2":{"start":{"line":26,"column":20},"end":{"line":26,"column":null}},"3":{"start":{"line":27,"column":4},"end":{"line":29,"column":null}},"4":{"start":{"line":28,"column":6},"end":{"line":28,"column":null}},"5":{"start":{"line":30,"column":4},"end":{"line":30,"column":null}},"6":{"start":{"line":31,"column":4},"end":{"line":31,"column":null}},"7":{"start":{"line":34,"column":2},"end":{"line":77,"column":null}},"8":{"start":{"line":43,"column":8},"end":{"line":75,"column":null}},"9":{"start":{"line":47,"column":29},"end":{"line":47,"column":null}},"10":{"start":{"line":48,"column":33},"end":{"line":48,"column":null}},"11":{"start":{"line":50,"column":14},"end":{"line":71,"column":null}}},"fnMap":{"0":{"name":"ShiftList","decl":{"start":{"line":20,"column":24},"end":{"line":20,"column":34}},"loc":{"start":{"line":20,"column":77},"end":{"line":79,"column":null}},"line":20},"1":{"name":"(anonymous_1)","decl":{"start":{"line":25,"column":75},"end":{"line":25,"column":76}},"loc":{"start":{"line":25,"column":91},"end":{"line":32,"column":5}},"line":25},"2":{"name":"(anonymous_2)","decl":{"start":{"line":42,"column":41},"end":{"line":42,"column":42}},"loc":{"start":{"line":43,"column":8},"end":{"line":75,"column":null}},"line":43},"3":{"name":"(anonymous_3)","decl":{"start":{"line":46,"column":28},"end":{"line":46,"column":29}},"loc":{"start":{"line":46,"column":39},"end":{"line":73,"column":13}},"line":46}},"branchMap":{"0":{"loc":{"start":{"line":27,"column":4},"end":{"line":29,"column":null}},"type":"if","locations":[{"start":{"line":27,"column":4},"end":{"line":29,"column":null}},{"start":{},"end":{}}],"line":27},"1":{"loc":{"start":{"line":38,"column":7},"end":{"line":39,"column":null}},"type":"binary-expr","locations":[{"start":{"line":38,"column":7},"end":{"line":38,"column":null}},{"start":{"line":39,"column":8},"end":{"line":39,"column":null}}],"line":38},"2":{"loc":{"start":{"line":59,"column":44},"end":{"line":59,"column":92}},"type":"binary-expr","locations":[{"start":{"line":59,"column":44},"end":{"line":59,"column":65}},{"start":{"line":59,"column":65},"end":{"line":59,"column":92}}],"line":59},"3":{"loc":{"start":{"line":60,"column":36},"end":{"line":60,"column":70}},"type":"cond-expr","locations":[{"start":{"line":60,"column":45},"end":{"line":60,"column":57}},{"start":{"line":60,"column":57},"end":{"line":60,"column":70}}],"line":60},"4":{"loc":{"start":{"line":65,"column":21},"end":{"line":68,"column":null}},"type":"cond-expr","locations":[{"start":{"line":66,"column":22},"end":{"line":66,"column":null}},{"start":{"line":68,"column":22},"end":{"line":68,"column":null}}],"line":65}},"s":{"0":9,"1":9,"2":11,"3":11,"4":9,"5":11,"6":11,"7":9,"8":9,"9":11,"10":11,"11":11},"f":{"0":9,"1":11,"2":9,"3":11},"b":{"0":[9,2],"1":[9,1],"2":[11,3],"3":[3,8],"4":[1,10]},"meta":{"lastBranch":5,"lastFunction":4,"lastStatement":12,"seen":{"f:20:24:20:34":0,"s:22:24:22:Infinity":0,"s:25:61:32:Infinity":1,"f:25:75:25:76":1,"s:26:20:26:Infinity":2,"b:27:4:29:Infinity:undefined:undefined:undefined:undefined":0,"s:27:4:29:Infinity":3,"s:28:6:28:Infinity":4,"s:30:4:30:Infinity":5,"s:31:4:31:Infinity":6,"s:34:2:77:Infinity":7,"b:38:7:38:Infinity:39:8:39:Infinity":1,"f:42:41:42:42":2,"s:43:8:75:Infinity":8,"f:46:28:46:29":3,"s:47:29:47:Infinity":9,"s:48:33:48:Infinity":10,"s:50:14:71:Infinity":11,"b:59:44:59:65:59:65:59:92":2,"b:60:45:60:57:60:57:60:70":3,"b:66:22:66:Infinity:68:22:68:Infinity":4}}}
,"/Users/adampeterson/Github/mutts/lib/schemas.ts": {"path":"/Users/adampeterson/Github/mutts/lib/schemas.ts","statementMap":{"0":{"start":{"line":4,"column":26},"end":{"line":8,"column":null}},"1":{"start":{"line":5,"column":2},"end":{"line":5,"column":null}},"2":{"start":{"line":5,"column":45},"end":{"line":5,"column":null}},"3":{"start":{"line":6,"column":14},"end":{"line":6,"column":null}},"4":{"start":{"line":7,"column":2},"end":{"line":7,"column":null}},"5":{"start":{"line":10,"column":29},"end":{"line":18,"column":null}},"6":{"start":{"line":11,"column":2},"end":{"line":11,"column":null}},"7":{"start":{"line":11,"column":45},"end":{"line":11,"column":null}},"8":{"start":{"line":12,"column":2},"end":{"line":14,"column":null}},"9":{"start":{"line":13,"column":4},"end":{"line":13,"column":null}},"10":{"start":{"line":16,"column":14},"end":{"line":16,"column":null}},"11":{"start":{"line":17,"column":2},"end":{"line":17,"column":null}},"12":{"start":{"line":20,"column":22},"end":{"line":21,"column":null}},"13":{"start":{"line":21,"column":2},"end":{"line":21,"column":null}},"14":{"start":{"line":23,"column":29},"end":{"line":34,"column":null}},"15":{"start":{"line":38,"column":30},"end":{"line":42,"column":null}},"16":{"start":{"line":46,"column":29},"end":{"line":56,"column":null}},"17":{"start":{"line":49,"column":18},"end":{"line":49,"column":null}},"18":{"start":{"line":50,"column":6},"end":{"line":50,"column":null}},"19":{"start":{"line":60,"column":31},"end":{"line":78,"column":null}},"20":{"start":{"line":70,"column":20},"end":{"line":70,"column":null}},"21":{"start":{"line":71,"column":18},"end":{"line":71,"column":null}},"22":{"start":{"line":72,"column":6},"end":{"line":72,"column":null}}},"fnMap":{"0":{"name":"(anonymous_0)","decl":{"start":{"line":4,"column":26},"end":{"line":4,"column":27}},"loc":{"start":{"line":4,"column":46},"end":{"line":8,"column":null}},"line":4},"1":{"name":"(anonymous_1)","decl":{"start":{"line":10,"column":29},"end":{"line":10,"column":30}},"loc":{"start":{"line":10,"column":49},"end":{"line":18,"column":null}},"line":10},"2":{"name":"(anonymous_2)","decl":{"start":{"line":20,"column":22},"end":{"line":20,"column":23}},"loc":{"start":{"line":21,"column":2},"end":{"line":21,"column":null}},"line":21},"3":{"name":"(anonymous_3)","decl":{"start":{"line":48,"column":16},"end":{"line":48,"column":17}},"loc":{"start":{"line":48,"column":27},"end":{"line":51,"column":null}},"line":48},"4":{"name":"(anonymous_4)","decl":{"start":{"line":69,"column":4},"end":{"line":69,"column":5}},"loc":{"start":{"line":69,"column":14},"end":{"line":73,"column":null}},"line":69}},"branchMap":{"0":{"loc":{"start":{"line":5,"column":2},"end":{"line":5,"column":null}},"type":"if","locations":[{"start":{"line":5,"column":2},"end":{"line":5,"column":null}},{"start":{},"end":{}}],"line":5},"1":{"loc":{"start":{"line":5,"column":6},"end":{"line":5,"column":45}},"type":"binary-expr","locations":[{"start":{"line":5,"column":6},"end":{"line":5,"column":24}},{"start":{"line":5,"column":24},"end":{"line":5,"column":45}}],"line":5},"2":{"loc":{"start":{"line":7,"column":9},"end":{"line":7,"column":null}},"type":"cond-expr","locations":[{"start":{"line":7,"column":44},"end":{"line":7,"column":50}},{"start":{"line":7,"column":50},"end":{"line":7,"column":null}}],"line":7},"3":{"loc":{"start":{"line":7,"column":9},"end":{"line":7,"column":44}},"type":"binary-expr","locations":[{"start":{"line":7,"column":9},"end":{"line":7,"column":27}},{"start":{"line":7,"column":27},"end":{"line":7,"column":44}}],"line":7},"4":{"loc":{"start":{"line":11,"column":2},"end":{"line":11,"column":null}},"type":"if","locations":[{"start":{"line":11,"column":2},"end":{"line":11,"column":null}},{"start":{},"end":{}}],"line":11},"5":{"loc":{"start":{"line":11,"column":6},"end":{"line":11,"column":45}},"type":"binary-expr","locations":[{"start":{"line":11,"column":6},"end":{"line":11,"column":24}},{"start":{"line":11,"column":24},"end":{"line":11,"column":45}}],"line":11},"6":{"loc":{"start":{"line":12,"column":2},"end":{"line":14,"column":null}},"type":"if","locations":[{"start":{"line":12,"column":2},"end":{"line":14,"column":null}},{"start":{},"end":{}}],"line":12},"7":{"loc":{"start":{"line":12,"column":6},"end":{"line":12,"column":62}},"type":"binary-expr","locations":[{"start":{"line":12,"column":6},"end":{"line":12,"column":35}},{"start":{"line":12,"column":35},"end":{"line":12,"column":62}}],"line":12},"8":{"loc":{"start":{"line":17,"column":9},"end":{"line":17,"column":null}},"type":"cond-expr","locations":[{"start":{"line":17,"column":32},"end":{"line":17,"column":38}},{"start":{"line":17,"column":38},"end":{"line":17,"column":null}}],"line":17},"9":{"loc":{"start":{"line":21,"column":2},"end":{"line":21,"column":null}},"type":"binary-expr","locations":[{"start":{"line":21,"column":2},"end":{"line":21,"column":20}},{"start":{"line":21,"column":20},"end":{"line":21,"column":40}},{"start":{"line":21,"column":40},"end":{"line":21,"column":null}}],"line":21},"10":{"loc":{"start":{"line":50,"column":13},"end":{"line":50,"column":null}},"type":"cond-expr","locations":[{"start":{"line":50,"column":36},"end":{"line":50,"column":42}},{"start":{"line":50,"column":42},"end":{"line":50,"column":null}}],"line":50},"11":{"loc":{"start":{"line":72,"column":13},"end":{"line":72,"column":null}},"type":"binary-expr","locations":[{"start":{"line":72,"column":13},"end":{"line":72,"column":37}},{"start":{"line":72,"column":37},"end":{"line":72,"column":59}},{"start":{"line":72,"column":59},"end":{"line":72,"column":null}}],"line":72}},"s":{"0":6,"1":55,"2":43,"3":12,"4":12,"5":6,"6":9,"7":5,"8":4,"9":0,"10":4,"11":4,"12":6,"13":10,"14":6,"15":6,"16":6,"17":21,"18":21,"19":6,"20":5,"21":5,"22":5},"f":{"0":55,"1":9,"2":10,"3":21,"4":5},"b":{"0":[43,12],"1":[55,46],"2":[12,0],"3":[12,12],"4":[5,4],"5":[9,9],"6":[0,4],"7":[4,0],"8":[4,0],"9":[10,9,8],"10":[17,4],"11":[5,5,5]},"meta":{"lastBranch":12,"lastFunction":5,"lastStatement":23,"seen":{"s:4:26:8:Infinity":0,"f:4:26:4:27":0,"b:5:2:5:Infinity:undefined:undefined:undefined:undefined":0,"s:5:2:5:Infinity":1,"b:5:6:5:24:5:24:5:45":1,"s:5:45:5:Infinity":2,"s:6:14:6:Infinity":3,"s:7:2:7:Infinity":4,"b:7:44:7:50:7:50:7:Infinity":2,"b:7:9:7:27:7:27:7:44":3,"s:10:29:18:Infinity":5,"f:10:29:10:30":1,"b:11:2:11:Infinity:undefined:undefined:undefined:undefined":4,"s:11:2:11:Infinity":6,"b:11:6:11:24:11:24:11:45":5,"s:11:45:11:Infinity":7,"b:12:2:14:Infinity:undefined:undefined:undefined:undefined":6,"s:12:2:14:Infinity":8,"b:12:6:12:35:12:35:12:62":7,"s:13:4:13:Infinity":9,"s:16:14:16:Infinity":10,"s:17:2:17:Infinity":11,"b:17:32:17:38:17:38:17:Infinity":8,"s:20:22:21:Infinity":12,"f:20:22:20:23":2,"s:21:2:21:Infinity":13,"b:21:2:21:20:21:20:21:40:21:40:21:Infinity":9,"s:23:29:34:Infinity":14,"s:38:30:42:Infinity":15,"s:46:29:56:Infinity":16,"f:48:16:48:17":3,"s:49:18:49:Infinity":17,"s:50:6:50:Infinity":18,"b:50:36:50:42:50:42:50:Infinity":10,"s:60:31:78:Infinity":19,"f:69:4:69:5":4,"s:70:20:70:Infinity":20,"s:71:18:71:Infinity":21,"s:72:6:72:Infinity":22,"b:72:13:72:37:72:37:72:59:72:59:72:Infinity":11}}}
,"/Users/adampeterson/Github/mutts/lib/utils.ts": {"path":"/Users/adampeterson/Github/mutts/lib/utils.ts","statementMap":{"0":{"start":{"line":6,"column":2},"end":{"line":6,"column":null}},"1":{"start":{"line":11,"column":2},"end":{"line":12,"column":null}},"2":{"start":{"line":16,"column":35},"end":{"line":23,"column":null}},"3":{"start":{"line":17,"column":2},"end":{"line":22,"column":null}},"4":{"start":{"line":18,"column":21},"end":{"line":18,"column":null}},"5":{"start":{"line":19,"column":40},"end":{"line":19,"column":null}},"6":{"start":{"line":20,"column":21},"end":{"line":20,"column":null}},"7":{"start":{"line":21,"column":13},"end":{"line":21,"column":null}},"8":{"start":{"line":25,"column":35},"end":{"line":33,"column":null}},"9":{"start":{"line":26,"column":2},"end":{"line":32,"column":null}},"10":{"start":{"line":27,"column":20},"end":{"line":27,"column":null}},"11":{"start":{"line":28,"column":22},"end":{"line":28,"column":null}},"12":{"start":{"line":29,"column":25},"end":{"line":29,"column":null}},"13":{"start":{"line":30,"column":38},"end":{"line":30,"column":null}},"14":{"start":{"line":31,"column":13},"end":{"line":31,"column":null}},"15":{"start":{"line":36,"column":30},"end":{"line":43,"column":null}},"16":{"start":{"line":37,"column":2},"end":{"line":43,"column":null}},"17":{"start":{"line":45,"column":31},"end":{"line":59,"column":null}},"18":{"start":{"line":47,"column":4},"end":{"line":49,"column":null}},"19":{"start":{"line":51,"column":2},"end":{"line":56,"column":null}},"20":{"start":{"line":52,"column":4},"end":{"line":55,"column":null}},"21":{"start":{"line":58,"column":2},"end":{"line":58,"column":null}},"22":{"start":{"line":61,"column":31},"end":{"line":70,"column":null}},"23":{"start":{"line":62,"column":20},"end":{"line":62,"column":null}},"24":{"start":{"line":63,"column":20},"end":{"line":63,"column":null}},"25":{"start":{"line":64,"column":18},"end":{"line":64,"column":null}},"26":{"start":{"line":66,"column":2},"end":{"line":68,"column":null}},"27":{"start":{"line":67,"column":4},"end":{"line":67,"column":null}},"28":{"start":{"line":69,"column":2},"end":{"line":69,"column":null}},"29":{"start":{"line":72,"column":34},"end":{"line":77,"column":null}},"30":{"start":{"line":73,"column":2},"end":{"line":77,"column":null}},"31":{"start":{"line":80,"column":28},"end":{"line":85,"column":null}},"32":{"start":{"line":81,"column":2},"end":{"line":84,"column":null}},"33":{"start":{"line":84,"column":27},"end":{"line":84,"column":42}},"34":{"start":{"line":88,"column":34},"end":{"line":102,"column":null}},"35":{"start":{"line":89,"column":22},"end":{"line":89,"column":null}},"36":{"start":{"line":92,"column":2},"end":{"line":98,"column":null}},"37":{"start":{"line":95,"column":4},"end":{"line":97,"column":null}},"38":{"start":{"line":96,"column":6},"end":{"line":96,"column":null}},"39":{"start":{"line":101,"column":2},"end":{"line":101,"column":null}}},"fnMap":{"0":{"name":"cn","decl":{"start":{"line":5,"column":16},"end":{"line":5,"column":22}},"loc":{"start":{"line":5,"column":44},"end":{"line":7,"column":null}},"line":5},"1":{"name":"(anonymous_1)","decl":{"start":{"line":16,"column":35},"end":{"line":16,"column":36}},"loc":{"start":{"line":16,"column":58},"end":{"line":23,"column":null}},"line":16},"2":{"name":"(anonymous_2)","decl":{"start":{"line":25,"column":35},"end":{"line":25,"column":36}},"loc":{"start":{"line":25,"column":58},"end":{"line":33,"column":null}},"line":25},"3":{"name":"(anonymous_3)","decl":{"start":{"line":36,"column":30},"end":{"line":36,"column":31}},"loc":{"start":{"line":37,"column":2},"end":{"line":43,"column":null}},"line":37},"4":{"name":"(anonymous_4)","decl":{"start":{"line":45,"column":31},"end":{"line":45,"column":32}},"loc":{"start":{"line":45,"column":59},"end":{"line":59,"column":null}},"line":45},"5":{"name":"(anonymous_5)","decl":{"start":{"line":61,"column":31},"end":{"line":61,"column":32}},"loc":{"start":{"line":61,"column":67},"end":{"line":70,"column":null}},"line":61},"6":{"name":"(anonymous_6)","decl":{"start":{"line":72,"column":34},"end":{"line":72,"column":35}},"loc":{"start":{"line":73,"column":2},"end":{"line":77,"column":null}},"line":73},"7":{"name":"(anonymous_7)","decl":{"start":{"line":80,"column":28},"end":{"line":80,"column":29}},"loc":{"start":{"line":80,"column":55},"end":{"line":85,"column":null}},"line":80},"8":{"name":"(anonymous_8)","decl":{"start":{"line":84,"column":22},"end":{"line":84,"column":27}},"loc":{"start":{"line":84,"column":27},"end":{"line":84,"column":42}},"line":84},"9":{"name":"(anonymous_9)","decl":{"start":{"line":88,"column":34},"end":{"line":88,"column":35}},"loc":{"start":{"line":88,"column":104},"end":{"line":102,"column":null}},"line":88},"10":{"name":"(anonymous_10)","decl":{"start":{"line":95,"column":30},"end":{"line":95,"column":null}},"loc":{"start":{"line":96,"column":6},"end":{"line":96,"column":null}},"line":96}},"branchMap":{"0":{"loc":{"start":{"line":11,"column":5},"end":{"line":12,"column":null}},"type":"binary-expr","locations":[{"start":{"line":11,"column":5},"end":{"line":11,"column":null}},{"start":{"line":12,"column":5},"end":{"line":12,"column":null}}],"line":11},"1":{"loc":{"start":{"line":17,"column":2},"end":{"line":22,"column":null}},"type":"switch","locations":[{"start":{"line":18,"column":4},"end":{"line":18,"column":null}},{"start":{"line":19,"column":4},"end":{"line":19,"column":22}},{"start":{"line":19,"column":22},"end":{"line":19,"column":null}},{"start":{"line":20,"column":4},"end":{"line":20,"column":null}},{"start":{"line":21,"column":4},"end":{"line":21,"column":null}}],"line":17},"2":{"loc":{"start":{"line":26,"column":2},"end":{"line":32,"column":null}},"type":"switch","locations":[{"start":{"line":27,"column":4},"end":{"line":27,"column":null}},{"start":{"line":28,"column":4},"end":{"line":28,"column":null}},{"start":{"line":29,"column":4},"end":{"line":29,"column":null}},{"start":{"line":30,"column":4},"end":{"line":30,"column":20}},{"start":{"line":30,"column":20},"end":{"line":30,"column":null}},{"start":{"line":31,"column":4},"end":{"line":31,"column":null}}],"line":26},"3":{"loc":{"start":{"line":47,"column":4},"end":{"line":49,"column":null}},"type":"binary-expr","locations":[{"start":{"line":47,"column":4},"end":{"line":47,"column":null}},{"start":{"line":48,"column":4},"end":{"line":48,"column":null}},{"start":{"line":49,"column":4},"end":{"line":49,"column":null}}],"line":47},"4":{"loc":{"start":{"line":51,"column":2},"end":{"line":56,"column":null}},"type":"if","locations":[{"start":{"line":51,"column":2},"end":{"line":56,"column":null}},{"start":{},"end":{}}],"line":51},"5":{"loc":{"start":{"line":66,"column":2},"end":{"line":68,"column":null}},"type":"if","locations":[{"start":{"line":66,"column":2},"end":{"line":68,"column":null}},{"start":{},"end":{}}],"line":66},"6":{"loc":{"start":{"line":92,"column":2},"end":{"line":98,"column":null}},"type":"if","locations":[{"start":{"line":92,"column":2},"end":{"line":98,"column":null}},{"start":{},"end":{}}],"line":92},"7":{"loc":{"start":{"line":96,"column":6},"end":{"line":96,"column":null}},"type":"binary-expr","locations":[{"start":{"line":96,"column":6},"end":{"line":96,"column":40}},{"start":{"line":96,"column":40},"end":{"line":96,"column":null}}],"line":96}},"s":{"0":159,"1":4,"2":4,"3":5,"4":1,"5":2,"6":1,"7":1,"8":4,"9":7,"10":1,"11":1,"12":1,"13":2,"14":2,"15":4,"16":0,"17":4,"18":0,"19":0,"20":0,"21":0,"22":4,"23":0,"24":0,"25":0,"26":0,"27":0,"28":0,"29":4,"30":0,"31":4,"32":0,"33":0,"34":4,"35":3,"36":3,"37":0,"38":0,"39":3},"f":{"0":159,"1":5,"2":7,"3":0,"4":0,"5":0,"6":0,"7":0,"8":0,"9":3,"10":0},"b":{"0":[4,4],"1":[1,1,2,1,1],"2":[1,1,1,1,2,2],"3":[0,0,0],"4":[0,0],"5":[0,0],"6":[0,3],"7":[0,0]},"meta":{"lastBranch":8,"lastFunction":11,"lastStatement":40,"seen":{"f:5:16:5:22":0,"s:6:2:6:Infinity":0,"s:11:2:12:Infinity":1,"b:11:5:11:Infinity:12:5:12:Infinity":0,"s:16:35:23:Infinity":2,"f:16:35:16:36":1,"b:18:4:18:Infinity:19:4:19:22:19:22:19:Infinity:20:4:20:Infinity:21:4:21:Infinity":1,"s:17:2:22:Infinity":3,"s:18:21:18:Infinity":4,"s:19:40:19:Infinity":5,"s:20:21:20:Infinity":6,"s:21:13:21:Infinity":7,"s:25:35:33:Infinity":8,"f:25:35:25:36":2,"b:27:4:27:Infinity:28:4:28:Infinity:29:4:29:Infinity:30:4:30:20:30:20:30:Infinity:31:4:31:Infinity":2,"s:26:2:32:Infinity":9,"s:27:20:27:Infinity":10,"s:28:22:28:Infinity":11,"s:29:25:29:Infinity":12,"s:30:38:30:Infinity":13,"s:31:13:31:Infinity":14,"s:36:30:43:Infinity":15,"f:36:30:36:31":3,"s:37:2:43:Infinity":16,"s:45:31:59:Infinity":17,"f:45:31:45:32":4,"s:47:4:49:Infinity":18,"b:47:4:47:Infinity:48:4:48:Infinity:49:4:49:Infinity":3,"b:51:2:56:Infinity:undefined:undefined:undefined:undefined":4,"s:51:2:56:Infinity":19,"s:52:4:55:Infinity":20,"s:58:2:58:Infinity":21,"s:61:31:70:Infinity":22,"f:61:31:61:32":5,"s:62:20:62:Infinity":23,"s:63:20:63:Infinity":24,"s:64:18:64:Infinity":25,"b:66:2:68:Infinity:undefined:undefined:undefined:undefined":5,"s:66:2:68:Infinity":26,"s:67:4:67:Infinity":27,"s:69:2:69:Infinity":28,"s:72:34:77:Infinity":29,"f:72:34:72:35":6,"s:73:2:77:Infinity":30,"s:80:28:85:Infinity":31,"f:80:28:80:29":7,"s:81:2:84:Infinity":32,"f:84:22:84:27":8,"s:84:27:84:42":33,"s:88:34:102:Infinity":34,"f:88:34:88:35":9,"s:89:22:89:Infinity":35,"b:92:2:98:Infinity:undefined:undefined:undefined:undefined":6,"s:92:2:98:Infinity":36,"s:95:4:97:Infinity":37,"f:95:30:95:Infinity":10,"s:96:6:96:Infinity":38,"b:96:6:96:40:96:40:96:Infinity":7,"s:101:2:101:Infinity":39}}}
,"/Users/adampeterson/Github/mutts/lib/actions/application.actions.ts": {"path":"/Users/adampeterson/Github/mutts/lib/actions/application.actions.ts","statementMap":{"0":{"start":{"line":16,"column":27},"end":{"line":20,"column":null}},"1":{"start":{"line":23,"column":19},"end":{"line":23,"column":null}},"2":{"start":{"line":24,"column":29},"end":{"line":24,"column":null}},"3":{"start":{"line":25,"column":2},"end":{"line":32,"column":null}},"4":{"start":{"line":26,"column":4},"end":{"line":31,"column":null}},"5":{"start":{"line":34,"column":2},"end":{"line":154,"column":null}},"6":{"start":{"line":36,"column":21},"end":{"line":36,"column":null}},"7":{"start":{"line":37,"column":18},"end":{"line":37,"column":null}},"8":{"start":{"line":40,"column":91},"end":{"line":40,"column":null}},"9":{"start":{"line":41,"column":16},"end":{"line":41,"column":null}},"10":{"start":{"line":42,"column":4},"end":{"line":55,"column":null}},"11":{"start":{"line":43,"column":19},"end":{"line":43,"column":null}},"12":{"start":{"line":44,"column":20},"end":{"line":44,"column":null}},"13":{"start":{"line":45,"column":27},"end":{"line":45,"column":null}},"14":{"start":{"line":47,"column":6},"end":{"line":47,"column":null}},"15":{"start":{"line":47,"column":17},"end":{"line":47,"column":null}},"16":{"start":{"line":49,"column":6},"end":{"line":53,"column":null}},"17":{"start":{"line":54,"column":6},"end":{"line":54,"column":null}},"18":{"start":{"line":58,"column":24},"end":{"line":68,"column":null}},"19":{"start":{"line":70,"column":28},"end":{"line":73,"column":null}},"20":{"start":{"line":76,"column":33},"end":{"line":76,"column":null}},"21":{"start":{"line":77,"column":4},"end":{"line":85,"column":null}},"22":{"start":{"line":78,"column":26},"end":{"line":78,"column":null}},"23":{"start":{"line":79,"column":6},"end":{"line":84,"column":null}},"24":{"start":{"line":88,"column":37},"end":{"line":88,"column":null}},"25":{"start":{"line":89,"column":4},"end":{"line":97,"column":null}},"26":{"start":{"line":90,"column":26},"end":{"line":90,"column":null}},"27":{"start":{"line":91,"column":6},"end":{"line":96,"column":null}},"28":{"start":{"line":100,"column":48},"end":{"line":100,"column":null}},"29":{"start":{"line":104,"column":4},"end":{"line":131,"column":null}},"30":{"start":{"line":106,"column":6},"end":{"line":109,"column":null}},"31":{"start":{"line":112,"column":6},"end":{"line":120,"column":null}},"32":{"start":{"line":123,"column":6},"end":{"line":130,"column":null}},"33":{"start":{"line":124,"column":8},"end":{"line":129,"column":null}},"34":{"start":{"line":125,"column":50},"end":{"line":128,"column":12}},"35":{"start":{"line":134,"column":4},"end":{"line":134,"column":null}},"36":{"start":{"line":136,"column":4},"end":{"line":138,"column":null}},"37":{"start":{"line":137,"column":6},"end":{"line":137,"column":null}},"38":{"start":{"line":140,"column":4},"end":{"line":145,"column":null}},"39":{"start":{"line":147,"column":4},"end":{"line":147,"column":null}},"40":{"start":{"line":148,"column":4},"end":{"line":153,"column":null}},"41":{"start":{"line":158,"column":2},"end":{"line":282,"column":null}},"42":{"start":{"line":159,"column":4},"end":{"line":159,"column":null}},"43":{"start":{"line":161,"column":19},"end":{"line":161,"column":null}},"44":{"start":{"line":162,"column":4},"end":{"line":170,"column":null}},"45":{"start":{"line":163,"column":26},"end":{"line":163,"column":null}},"46":{"start":{"line":164,"column":6},"end":{"line":169,"column":null}},"47":{"start":{"line":172,"column":43},"end":{"line":172,"column":null}},"48":{"start":{"line":175,"column":21},"end":{"line":175,"column":null}},"49":{"start":{"line":176,"column":40},"end":{"line":176,"column":null}},"50":{"start":{"line":177,"column":4},"end":{"line":184,"column":null}},"51":{"start":{"line":178,"column":6},"end":{"line":183,"column":null}},"52":{"start":{"line":187,"column":27},"end":{"line":190,"column":null}},"53":{"start":{"line":192,"column":4},"end":{"line":199,"column":null}},"54":{"start":{"line":193,"column":6},"end":{"line":198,"column":null}},"55":{"start":{"line":202,"column":31},"end":{"line":208,"column":null}},"56":{"start":{"line":210,"column":4},"end":{"line":217,"column":null}},"57":{"start":{"line":211,"column":6},"end":{"line":216,"column":null}},"58":{"start":{"line":220,"column":10},"end":{"line":220,"column":null}},"59":{"start":{"line":221,"column":4},"end":{"line":228,"column":null}},"60":{"start":{"line":222,"column":6},"end":{"line":227,"column":null}},"61":{"start":{"line":231,"column":4},"end":{"line":238,"column":null}},"62":{"start":{"line":232,"column":6},"end":{"line":237,"column":null}},"63":{"start":{"line":240,"column":4},"end":{"line":264,"column":null}},"64":{"start":{"line":241,"column":26},"end":{"line":253,"column":null}},"65":{"start":{"line":255,"column":6},"end":{"line":263,"column":null}},"66":{"start":{"line":256,"column":8},"end":{"line":262,"column":null}},"67":{"start":{"line":266,"column":4},"end":{"line":266,"column":null}},"68":{"start":{"line":267,"column":4},"end":{"line":267,"column":null}},"69":{"start":{"line":269,"column":4},"end":{"line":274,"column":null}},"70":{"start":{"line":276,"column":4},"end":{"line":281,"column":null}},"71":{"start":{"line":286,"column":22},"end":{"line":293,"column":null}},"72":{"start":{"line":294,"column":2},"end":{"line":294,"column":null}},"73":{"start":{"line":294,"column":20},"end":{"line":294,"column":null}},"74":{"start":{"line":301,"column":2},"end":{"line":301,"column":null}},"75":{"start":{"line":305,"column":17},"end":{"line":305,"column":null}},"76":{"start":{"line":306,"column":18},"end":{"line":306,"column":null}},"77":{"start":{"line":307,"column":10},"end":{"line":307,"column":null}},"78":{"start":{"line":310,"column":48},"end":{"line":310,"column":null}},"79":{"start":{"line":312,"column":4},"end":{"line":314,"column":null}},"80":{"start":{"line":313,"column":8},"end":{"line":313,"column":null}},"81":{"start":{"line":316,"column":4},"end":{"line":318,"column":null}},"82":{"start":{"line":317,"column":8},"end":{"line":317,"column":null}},"83":{"start":{"line":320,"column":4},"end":{"line":340,"column":null}},"84":{"start":{"line":321,"column":27},"end":{"line":321,"column":null}},"85":{"start":{"line":322,"column":8},"end":{"line":339,"column":null}},"86":{"start":{"line":342,"column":39},"end":{"line":354,"column":null}},"87":{"start":{"line":356,"column":23},"end":{"line":356,"column":null}},"88":{"start":{"line":358,"column":4},"end":{"line":367,"column":null}},"89":{"start":{"line":371,"column":4},"end":{"line":377,"column":null}},"90":{"start":{"line":382,"column":2},"end":{"line":382,"column":null}}},"fnMap":{"0":{"name":"submitApplication","decl":{"start":{"line":22,"column":22},"end":{"line":22,"column":40}},"loc":{"start":{"line":22,"column":111},"end":{"line":155,"column":null}},"line":22},"1":{"name":"(anonymous_1)","decl":{"start":{"line":104,"column":30},"end":{"line":104,"column":37}},"loc":{"start":{"line":104,"column":44},"end":{"line":131,"column":5}},"line":104},"2":{"name":"(anonymous_2)","decl":{"start":{"line":125,"column":40},"end":{"line":125,"column":41}},"loc":{"start":{"line":125,"column":50},"end":{"line":128,"column":12}},"line":125},"3":{"name":"updateApplicationStatus","decl":{"start":{"line":157,"column":22},"end":{"line":157,"column":46}},"loc":{"start":{"line":157,"column":116},"end":{"line":283,"column":null}},"line":157},"4":{"name":"(anonymous_4)","decl":{"start":{"line":240,"column":30},"end":{"line":240,"column":37}},"loc":{"start":{"line":240,"column":44},"end":{"line":264,"column":5}},"line":240},"5":{"name":"getApplicationById","decl":{"start":{"line":285,"column":22},"end":{"line":285,"column":41}},"loc":{"start":{"line":285,"column":53},"end":{"line":302,"column":null}},"line":285},"6":{"name":"getAllApplications","decl":{"start":{"line":304,"column":22},"end":{"line":304,"column":41}},"loc":{"start":{"line":304,"column":95},"end":{"line":368,"column":null}},"line":304},"7":{"name":"getUserApplications","decl":{"start":{"line":370,"column":22},"end":{"line":370,"column":42}},"loc":{"start":{"line":370,"column":61},"end":{"line":378,"column":null}},"line":370},"8":{"name":"updateApplicationStatusForm","decl":{"start":{"line":381,"column":22},"end":{"line":381,"column":50}},"loc":{"start":{"line":381,"column":70},"end":{"line":383,"column":null}},"line":381}},"branchMap":{"0":{"loc":{"start":{"line":25,"column":2},"end":{"line":32,"column":null}},"type":"if","locations":[{"start":{"line":25,"column":2},"end":{"line":32,"column":null}},{"start":{},"end":{}}],"line":25},"1":{"loc":{"start":{"line":37,"column":18},"end":{"line":37,"column":null}},"type":"cond-expr","locations":[{"start":{"line":37,"column":42},"end":{"line":37,"column":86}},{"start":{"line":37,"column":86},"end":{"line":37,"column":null}}],"line":37},"2":{"loc":{"start":{"line":47,"column":6},"end":{"line":47,"column":null}},"type":"if","locations":[{"start":{"line":47,"column":6},"end":{"line":47,"column":null}},{"start":{},"end":{}}],"line":47},"3":{"loc":{"start":{"line":51,"column":15},"end":{"line":51,"column":null}},"type":"binary-expr","locations":[{"start":{"line":51,"column":15},"end":{"line":51,"column":24}},{"start":{"line":51,"column":24},"end":{"line":51,"column":null}}],"line":51},"4":{"loc":{"start":{"line":52,"column":22},"end":{"line":52,"column":null}},"type":"binary-expr","locations":[{"start":{"line":52,"column":22},"end":{"line":52,"column":38}},{"start":{"line":52,"column":38},"end":{"line":52,"column":null}}],"line":52},"5":{"loc":{"start":{"line":59,"column":22},"end":{"line":59,"column":null}},"type":"binary-expr","locations":[{"start":{"line":59,"column":22},"end":{"line":59,"column":66}},{"start":{"line":59,"column":66},"end":{"line":59,"column":null}}],"line":59},"6":{"loc":{"start":{"line":61,"column":20},"end":{"line":61,"column":null}},"type":"binary-expr","locations":[{"start":{"line":61,"column":20},"end":{"line":61,"column":127}},{"start":{"line":61,"column":127},"end":{"line":61,"column":null}}],"line":61},"7":{"loc":{"start":{"line":62,"column":16},"end":{"line":62,"column":null}},"type":"binary-expr","locations":[{"start":{"line":62,"column":16},"end":{"line":62,"column":71}},{"start":{"line":62,"column":71},"end":{"line":62,"column":null}}],"line":62},"8":{"loc":{"start":{"line":64,"column":17},"end":{"line":64,"column":null}},"type":"binary-expr","locations":[{"start":{"line":64,"column":17},"end":{"line":64,"column":56}},{"start":{"line":64,"column":56},"end":{"line":64,"column":null}}],"line":64},"9":{"loc":{"start":{"line":65,"column":15},"end":{"line":65,"column":null}},"type":"binary-expr","locations":[{"start":{"line":65,"column":15},"end":{"line":65,"column":52}},{"start":{"line":65,"column":52},"end":{"line":65,"column":null}}],"line":65},"10":{"loc":{"start":{"line":66,"column":16},"end":{"line":66,"column":null}},"type":"binary-expr","locations":[{"start":{"line":66,"column":16},"end":{"line":66,"column":54}},{"start":{"line":66,"column":54},"end":{"line":66,"column":null}}],"line":66},"11":{"loc":{"start":{"line":77,"column":4},"end":{"line":85,"column":null}},"type":"if","locations":[{"start":{"line":77,"column":4},"end":{"line":85,"column":null}},{"start":{},"end":{}}],"line":77},"12":{"loc":{"start":{"line":89,"column":4},"end":{"line":97,"column":null}},"type":"if","locations":[{"start":{"line":89,"column":4},"end":{"line":97,"column":null}},{"start":{},"end":{}}],"line":89},"13":{"loc":{"start":{"line":123,"column":6},"end":{"line":130,"column":null}},"type":"if","locations":[{"start":{"line":123,"column":6},"end":{"line":130,"column":null}},{"start":{},"end":{}}],"line":123},"14":{"loc":{"start":{"line":123,"column":10},"end":{"line":123,"column":65}},"type":"binary-expr","locations":[{"start":{"line":123,"column":10},"end":{"line":123,"column":33}},{"start":{"line":123,"column":33},"end":{"line":123,"column":65}}],"line":123},"15":{"loc":{"start":{"line":136,"column":4},"end":{"line":138,"column":null}},"type":"if","locations":[{"start":{"line":136,"column":4},"end":{"line":138,"column":null}},{"start":{},"end":{}}],"line":136},"16":{"loc":{"start":{"line":150,"column":15},"end":{"line":150,"column":null}},"type":"cond-expr","locations":[{"start":{"line":150,"column":40},"end":{"line":150,"column":56}},{"start":{"line":150,"column":56},"end":{"line":150,"column":null}}],"line":150},"17":{"loc":{"start":{"line":162,"column":4},"end":{"line":170,"column":null}},"type":"if","locations":[{"start":{"line":162,"column":4},"end":{"line":170,"column":null}},{"start":{},"end":{}}],"line":162},"18":{"loc":{"start":{"line":177,"column":4},"end":{"line":184,"column":null}},"type":"if","locations":[{"start":{"line":177,"column":4},"end":{"line":184,"column":null}},{"start":{},"end":{}}],"line":177},"19":{"loc":{"start":{"line":192,"column":4},"end":{"line":199,"column":null}},"type":"if","locations":[{"start":{"line":192,"column":4},"end":{"line":199,"column":null}},{"start":{},"end":{}}],"line":192},"20":{"loc":{"start":{"line":192,"column":8},"end":{"line":192,"column":111}},"type":"binary-expr","locations":[{"start":{"line":192,"column":8},"end":{"line":192,"column":28}},{"start":{"line":192,"column":28},"end":{"line":192,"column":70}},{"start":{"line":192,"column":70},"end":{"line":192,"column":111}}],"line":192},"21":{"loc":{"start":{"line":210,"column":4},"end":{"line":217,"column":null}},"type":"if","locations":[{"start":{"line":210,"column":4},"end":{"line":217,"column":null}},{"start":{},"end":{}}],"line":210},"22":{"loc":{"start":{"line":221,"column":4},"end":{"line":228,"column":null}},"type":"if","locations":[{"start":{"line":221,"column":4},"end":{"line":228,"column":null}},{"start":{},"end":{}}],"line":221},"23":{"loc":{"start":{"line":231,"column":4},"end":{"line":238,"column":null}},"type":"if","locations":[{"start":{"line":231,"column":4},"end":{"line":238,"column":null}},{"start":{},"end":{}}],"line":231},"24":{"loc":{"start":{"line":231,"column":4},"end":{"line":231,"column":127}},"type":"binary-expr","locations":[{"start":{"line":231,"column":9},"end":{"line":231,"column":42}},{"start":{"line":231,"column":42},"end":{"line":231,"column":77}},{"start":{"line":231,"column":77},"end":{"line":231,"column":93}},{"start":{"line":231,"column":93},"end":{"line":231,"column":127}}],"line":231},"25":{"loc":{"start":{"line":245,"column":23},"end":{"line":245,"column":null}},"type":"binary-expr","locations":[{"start":{"line":245,"column":23},"end":{"line":245,"column":38}},{"start":{"line":245,"column":38},"end":{"line":245,"column":null}}],"line":245},"26":{"loc":{"start":{"line":255,"column":6},"end":{"line":263,"column":null}},"type":"if","locations":[{"start":{"line":255,"column":6},"end":{"line":263,"column":null}},{"start":{},"end":{}}],"line":255},"27":{"loc":{"start":{"line":255,"column":10},"end":{"line":255,"column":91}},"type":"binary-expr","locations":[{"start":{"line":255,"column":10},"end":{"line":255,"column":60}},{"start":{"line":255,"column":60},"end":{"line":255,"column":91}}],"line":255},"28":{"loc":{"start":{"line":278,"column":15},"end":{"line":278,"column":null}},"type":"cond-expr","locations":[{"start":{"line":278,"column":40},"end":{"line":278,"column":56}},{"start":{"line":278,"column":56},"end":{"line":278,"column":null}}],"line":278},"29":{"loc":{"start":{"line":294,"column":2},"end":{"line":294,"column":null}},"type":"if","locations":[{"start":{"line":294,"column":2},"end":{"line":294,"column":null}},{"start":{},"end":{}}],"line":294},"30":{"loc":{"start":{"line":305,"column":26},"end":{"line":305,"column":51}},"type":"binary-expr","locations":[{"start":{"line":305,"column":26},"end":{"line":305,"column":48}},{"start":{"line":305,"column":48},"end":{"line":305,"column":51}}],"line":305},"31":{"loc":{"start":{"line":306,"column":27},"end":{"line":306,"column":54}},"type":"binary-expr","locations":[{"start":{"line":306,"column":27},"end":{"line":306,"column":50}},{"start":{"line":306,"column":50},"end":{"line":306,"column":54}}],"line":306},"32":{"loc":{"start":{"line":312,"column":4},"end":{"line":314,"column":null}},"type":"if","locations":[{"start":{"line":312,"column":4},"end":{"line":314,"column":null}},{"start":{},"end":{}}],"line":312},"33":{"loc":{"start":{"line":312,"column":8},"end":{"line":312,"column":63}},"type":"binary-expr","locations":[{"start":{"line":312,"column":8},"end":{"line":312,"column":32}},{"start":{"line":312,"column":32},"end":{"line":312,"column":63}}],"line":312},"34":{"loc":{"start":{"line":316,"column":4},"end":{"line":318,"column":null}},"type":"if","locations":[{"start":{"line":316,"column":4},"end":{"line":318,"column":null}},{"start":{},"end":{}}],"line":316},"35":{"loc":{"start":{"line":316,"column":8},"end":{"line":316,"column":59}},"type":"binary-expr","locations":[{"start":{"line":316,"column":8},"end":{"line":316,"column":30}},{"start":{"line":316,"column":30},"end":{"line":316,"column":59}}],"line":316},"36":{"loc":{"start":{"line":320,"column":4},"end":{"line":340,"column":null}},"type":"if","locations":[{"start":{"line":320,"column":4},"end":{"line":340,"column":null}},{"start":{},"end":{}}],"line":320},"37":{"loc":{"start":{"line":320,"column":8},"end":{"line":320,"column":60}},"type":"binary-expr","locations":[{"start":{"line":320,"column":8},"end":{"line":320,"column":32}},{"start":{"line":320,"column":32},"end":{"line":320,"column":60}}],"line":320}},"s":{"0":1,"1":3,"2":3,"3":3,"4":1,"5":2,"6":2,"7":2,"8":3,"9":3,"10":3,"11":2,"12":2,"13":2,"14":2,"15":2,"16":0,"17":2,"18":2,"19":3,"20":3,"21":3,"22":0,"23":0,"24":2,"25":2,"26":1,"27":1,"28":1,"29":1,"30":1,"31":1,"32":1,"33":1,"34":1,"35":1,"36":1,"37":0,"38":1,"39":0,"40":0,"41":6,"42":6,"43":5,"44":5,"45":2,"46":2,"47":3,"48":3,"49":3,"50":3,"51":0,"52":3,"53":3,"54":0,"55":3,"56":3,"57":0,"58":3,"59":3,"60":0,"61":3,"62":0,"63":3,"64":3,"65":3,"66":1,"67":3,"68":3,"69":3,"70":1,"71":2,"72":2,"73":1,"74":2,"75":2,"76":2,"77":2,"78":2,"79":2,"80":0,"81":2,"82":0,"83":2,"84":0,"85":0,"86":2,"87":2,"88":2,"89":0,"90":0},"f":{"0":3,"1":1,"2":1,"3":6,"4":3,"5":2,"6":2,"7":0,"8":0},"b":{"0":[1,2],"1":[0,2],"2":[2,0],"3":[0,0],"4":[2,0],"5":[2,2],"6":[3,1],"7":[3,1],"8":[3,2],"9":[3,2],"10":[3,2],"11":[0,3],"12":[1,1],"13":[1,0],"14":[1,1],"15":[0,1],"16":[0,0],"17":[2,3],"18":[0,3],"19":[0,3],"20":[3,3,3],"21":[0,3],"22":[0,3],"23":[0,3],"24":[3,1,2,2],"25":[3,1],"26":[1,2],"27":[3,1],"28":[1,0],"29":[1,1],"30":[2,2],"31":[2,2],"32":[0,2],"33":[2,0],"34":[0,2],"35":[2,0],"36":[0,2],"37":[2,0]},"meta":{"lastBranch":38,"lastFunction":9,"lastStatement":91,"seen":{"s:16:27:20:Infinity":0,"f:22:22:22:40":0,"s:23:19:23:Infinity":1,"s:24:29:24:Infinity":2,"b:25:2:32:Infinity:undefined:undefined:undefined:undefined":0,"s:25:2:32:Infinity":3,"s:26:4:31:Infinity":4,"s:34:2:154:Infinity":5,"s:36:21:36:Infinity":6,"s:37:18:37:Infinity":7,"b:37:42:37:86:37:86:37:Infinity":1,"s:40:91:40:Infinity":8,"s:41:16:41:Infinity":9,"s:42:4:55:Infinity":10,"s:43:19:43:Infinity":11,"s:44:20:44:Infinity":12,"s:45:27:45:Infinity":13,"b:47:6:47:Infinity:undefined:undefined:undefined:undefined":2,"s:47:6:47:Infinity":14,"s:47:17:47:Infinity":15,"s:49:6:53:Infinity":16,"b:51:15:51:24:51:24:51:Infinity":3,"b:52:22:52:38:52:38:52:Infinity":4,"s:54:6:54:Infinity":17,"s:58:24:68:Infinity":18,"b:59:22:59:66:59:66:59:Infinity":5,"b:61:20:61:127:61:127:61:Infinity":6,"b:62:16:62:71:62:71:62:Infinity":7,"b:64:17:64:56:64:56:64:Infinity":8,"b:65:15:65:52:65:52:65:Infinity":9,"b:66:16:66:54:66:54:66:Infinity":10,"s:70:28:73:Infinity":19,"s:76:33:76:Infinity":20,"b:77:4:85:Infinity:undefined:undefined:undefined:undefined":11,"s:77:4:85:Infinity":21,"s:78:26:78:Infinity":22,"s:79:6:84:Infinity":23,"s:88:37:88:Infinity":24,"b:89:4:97:Infinity:undefined:undefined:undefined:undefined":12,"s:89:4:97:Infinity":25,"s:90:26:90:Infinity":26,"s:91:6:96:Infinity":27,"s:100:48:100:Infinity":28,"s:104:4:131:Infinity":29,"f:104:30:104:37":1,"s:106:6:109:Infinity":30,"s:112:6:120:Infinity":31,"b:123:6:130:Infinity:undefined:undefined:undefined:undefined":13,"s:123:6:130:Infinity":32,"b:123:10:123:33:123:33:123:65":14,"s:124:8:129:Infinity":33,"f:125:40:125:41":2,"s:125:50:128:12":34,"s:134:4:134:Infinity":35,"b:136:4:138:Infinity:undefined:undefined:undefined:undefined":15,"s:136:4:138:Infinity":36,"s:137:6:137:Infinity":37,"s:140:4:145:Infinity":38,"s:147:4:147:Infinity":39,"s:148:4:153:Infinity":40,"b:150:40:150:56:150:56:150:Infinity":16,"f:157:22:157:46":3,"s:158:2:282:Infinity":41,"s:159:4:159:Infinity":42,"s:161:19:161:Infinity":43,"b:162:4:170:Infinity:undefined:undefined:undefined:undefined":17,"s:162:4:170:Infinity":44,"s:163:26:163:Infinity":45,"s:164:6:169:Infinity":46,"s:172:43:172:Infinity":47,"s:175:21:175:Infinity":48,"s:176:40:176:Infinity":49,"b:177:4:184:Infinity:undefined:undefined:undefined:undefined":18,"s:177:4:184:Infinity":50,"s:178:6:183:Infinity":51,"s:187:27:190:Infinity":52,"b:192:4:199:Infinity:undefined:undefined:undefined:undefined":19,"s:192:4:199:Infinity":53,"b:192:8:192:28:192:28:192:70:192:70:192:111":20,"s:193:6:198:Infinity":54,"s:202:31:208:Infinity":55,"b:210:4:217:Infinity:undefined:undefined:undefined:undefined":21,"s:210:4:217:Infinity":56,"s:211:6:216:Infinity":57,"s:220:10:220:Infinity":58,"b:221:4:228:Infinity:undefined:undefined:undefined:undefined":22,"s:221:4:228:Infinity":59,"s:222:6:227:Infinity":60,"b:231:4:238:Infinity:undefined:undefined:undefined:undefined":23,"s:231:4:238:Infinity":61,"b:231:9:231:42:231:42:231:77:231:77:231:93:231:93:231:127":24,"s:232:6:237:Infinity":62,"s:240:4:264:Infinity":63,"f:240:30:240:37":4,"s:241:26:253:Infinity":64,"b:245:23:245:38:245:38:245:Infinity":25,"b:255:6:263:Infinity:undefined:undefined:undefined:undefined":26,"s:255:6:263:Infinity":65,"b:255:10:255:60:255:60:255:91":27,"s:256:8:262:Infinity":66,"s:266:4:266:Infinity":67,"s:267:4:267:Infinity":68,"s:269:4:274:Infinity":69,"s:276:4:281:Infinity":70,"b:278:40:278:56:278:56:278:Infinity":28,"f:285:22:285:41":5,"s:286:22:293:Infinity":71,"b:294:2:294:Infinity:undefined:undefined:undefined:undefined":29,"s:294:2:294:Infinity":72,"s:294:20:294:Infinity":73,"s:301:2:301:Infinity":74,"f:304:22:304:41":6,"s:305:17:305:Infinity":75,"b:305:26:305:48:305:48:305:51":30,"s:306:18:306:Infinity":76,"b:306:27:306:50:306:50:306:54":31,"s:307:10:307:Infinity":77,"s:310:48:310:Infinity":78,"b:312:4:314:Infinity:undefined:undefined:undefined:undefined":32,"s:312:4:314:Infinity":79,"b:312:8:312:32:312:32:312:63":33,"s:313:8:313:Infinity":80,"b:316:4:318:Infinity:undefined:undefined:undefined:undefined":34,"s:316:4:318:Infinity":81,"b:316:8:316:30:316:30:316:59":35,"s:317:8:317:Infinity":82,"b:320:4:340:Infinity:undefined:undefined:undefined:undefined":36,"s:320:4:340:Infinity":83,"b:320:8:320:32:320:32:320:60":37,"s:321:27:321:Infinity":84,"s:322:8:339:Infinity":85,"s:342:39:354:Infinity":86,"s:356:23:356:Infinity":87,"s:358:4:367:Infinity":88,"f:370:22:370:42":7,"s:371:4:377:Infinity":89,"f:381:22:381:50":8,"s:382:2:382:Infinity":90}}}
,"/Users/adampeterson/Github/mutts/lib/actions/dog.actions.ts": {"path":"/Users/adampeterson/Github/mutts/lib/actions/dog.actions.ts","statementMap":{"0":{"start":{"line":14,"column":24},"end":{"line":16,"column":null}},"1":{"start":{"line":18,"column":26},"end":{"line":21,"column":null}},"2":{"start":{"line":25,"column":19},"end":{"line":25,"column":null}},"3":{"start":{"line":26,"column":20},"end":{"line":26,"column":null}},"4":{"start":{"line":27,"column":28},"end":{"line":27,"column":null}},"5":{"start":{"line":28,"column":22},"end":{"line":28,"column":null}},"6":{"start":{"line":30,"column":33},"end":{"line":34,"column":null}},"7":{"start":{"line":36,"column":2},"end":{"line":38,"column":null}},"8":{"start":{"line":37,"column":4},"end":{"line":37,"column":null}},"9":{"start":{"line":40,"column":28},"end":{"line":42,"column":null}},"10":{"start":{"line":44,"column":20},"end":{"line":44,"column":null}},"11":{"start":{"line":45,"column":2},"end":{"line":47,"column":null}},"12":{"start":{"line":46,"column":4},"end":{"line":46,"column":null}},"13":{"start":{"line":49,"column":2},"end":{"line":49,"column":null}},"14":{"start":{"line":53,"column":2},"end":{"line":132,"column":null}},"15":{"start":{"line":54,"column":4},"end":{"line":54,"column":null}},"16":{"start":{"line":56,"column":19},"end":{"line":56,"column":null}},"17":{"start":{"line":57,"column":4},"end":{"line":65,"column":null}},"18":{"start":{"line":58,"column":26},"end":{"line":58,"column":null}},"19":{"start":{"line":59,"column":6},"end":{"line":64,"column":null}},"20":{"start":{"line":76,"column":8},"end":{"line":76,"column":null}},"21":{"start":{"line":78,"column":24},"end":{"line":78,"column":null}},"22":{"start":{"line":80,"column":4},"end":{"line":87,"column":null}},"23":{"start":{"line":81,"column":6},"end":{"line":86,"column":null}},"24":{"start":{"line":90,"column":26},"end":{"line":90,"column":null}},"25":{"start":{"line":91,"column":17},"end":{"line":91,"column":null}},"26":{"start":{"line":93,"column":4},"end":{"line":101,"column":null}},"27":{"start":{"line":94,"column":6},"end":{"line":100,"column":null}},"28":{"start":{"line":95,"column":8},"end":{"line":95,"column":null}},"29":{"start":{"line":99,"column":8},"end":{"line":99,"column":null}},"30":{"start":{"line":103,"column":16},"end":{"line":115,"column":null}},"31":{"start":{"line":117,"column":4},"end":{"line":117,"column":null}},"32":{"start":{"line":119,"column":4},"end":{"line":124,"column":null}},"33":{"start":{"line":126,"column":4},"end":{"line":131,"column":null}},"34":{"start":{"line":136,"column":2},"end":{"line":236,"column":null}},"35":{"start":{"line":137,"column":4},"end":{"line":137,"column":null}},"36":{"start":{"line":139,"column":17},"end":{"line":139,"column":null}},"37":{"start":{"line":140,"column":42},"end":{"line":140,"column":null}},"38":{"start":{"line":142,"column":4},"end":{"line":153,"column":null}},"39":{"start":{"line":143,"column":6},"end":{"line":152,"column":null}},"40":{"start":{"line":144,"column":8},"end":{"line":144,"column":null}},"41":{"start":{"line":146,"column":8},"end":{"line":151,"column":null}},"42":{"start":{"line":155,"column":19},"end":{"line":155,"column":null}},"43":{"start":{"line":156,"column":4},"end":{"line":164,"column":null}},"44":{"start":{"line":157,"column":26},"end":{"line":157,"column":null}},"45":{"start":{"line":158,"column":6},"end":{"line":163,"column":null}},"46":{"start":{"line":175,"column":8},"end":{"line":175,"column":null}},"47":{"start":{"line":177,"column":24},"end":{"line":177,"column":null}},"48":{"start":{"line":179,"column":4},"end":{"line":186,"column":null}},"49":{"start":{"line":180,"column":6},"end":{"line":185,"column":null}},"50":{"start":{"line":198,"column":8},"end":{"line":207,"column":null}},"51":{"start":{"line":209,"column":4},"end":{"line":211,"column":null}},"52":{"start":{"line":210,"column":6},"end":{"line":210,"column":null}},"53":{"start":{"line":213,"column":4},"end":{"line":216,"column":null}},"54":{"start":{"line":218,"column":4},"end":{"line":218,"column":null}},"55":{"start":{"line":219,"column":4},"end":{"line":219,"column":null}},"56":{"start":{"line":220,"column":4},"end":{"line":220,"column":null}},"57":{"start":{"line":221,"column":4},"end":{"line":221,"column":null}},"58":{"start":{"line":223,"column":4},"end":{"line":228,"column":null}},"59":{"start":{"line":230,"column":4},"end":{"line":235,"column":null}},"60":{"start":{"line":240,"column":2},"end":{"line":244,"column":null}},"61":{"start":{"line":241,"column":4},"end":{"line":241,"column":null}},"62":{"start":{"line":243,"column":4},"end":{"line":243,"column":null}},"63":{"start":{"line":246,"column":17},"end":{"line":246,"column":null}},"64":{"start":{"line":247,"column":2},"end":{"line":249,"column":null}},"65":{"start":{"line":248,"column":4},"end":{"line":248,"column":null}},"66":{"start":{"line":248,"column":55},"end":{"line":248,"column":98}},"67":{"start":{"line":251,"column":20},"end":{"line":251,"column":null}},"68":{"start":{"line":252,"column":15},"end":{"line":252,"column":null}},"69":{"start":{"line":253,"column":2},"end":{"line":255,"column":null}},"70":{"start":{"line":254,"column":4},"end":{"line":254,"column":null}},"71":{"start":{"line":257,"column":19},"end":{"line":257,"column":null}},"72":{"start":{"line":258,"column":19},"end":{"line":258,"column":null}},"73":{"start":{"line":260,"column":2},"end":{"line":292,"column":null}},"74":{"start":{"line":261,"column":35},"end":{"line":263,"column":null}},"75":{"start":{"line":265,"column":4},"end":{"line":267,"column":null}},"76":{"start":{"line":266,"column":6},"end":{"line":266,"column":null}},"77":{"start":{"line":269,"column":36},"end":{"line":271,"column":null}},"78":{"start":{"line":273,"column":4},"end":{"line":275,"column":null}},"79":{"start":{"line":274,"column":6},"end":{"line":274,"column":null}},"80":{"start":{"line":277,"column":4},"end":{"line":280,"column":null}},"81":{"start":{"line":282,"column":4},"end":{"line":282,"column":null}},"82":{"start":{"line":283,"column":4},"end":{"line":283,"column":null}},"83":{"start":{"line":284,"column":4},"end":{"line":284,"column":null}},"84":{"start":{"line":285,"column":4},"end":{"line":285,"column":null}},"85":{"start":{"line":287,"column":4},"end":{"line":287,"column":null}},"86":{"start":{"line":290,"column":4},"end":{"line":290,"column":null}},"87":{"start":{"line":291,"column":4},"end":{"line":291,"column":null}},"88":{"start":{"line":296,"column":2},"end":{"line":326,"column":null}},"89":{"start":{"line":297,"column":4},"end":{"line":297,"column":null}},"90":{"start":{"line":299,"column":19},"end":{"line":299,"column":null}},"91":{"start":{"line":300,"column":4},"end":{"line":308,"column":null}},"92":{"start":{"line":301,"column":26},"end":{"line":301,"column":null}},"93":{"start":{"line":302,"column":6},"end":{"line":307,"column":null}},"94":{"start":{"line":310,"column":4},"end":{"line":310,"column":null}},"95":{"start":{"line":311,"column":4},"end":{"line":311,"column":null}},"96":{"start":{"line":313,"column":4},"end":{"line":318,"column":null}},"97":{"start":{"line":320,"column":4},"end":{"line":325,"column":null}},"98":{"start":{"line":330,"column":14},"end":{"line":341,"column":null}},"99":{"start":{"line":343,"column":2},"end":{"line":345,"column":null}},"100":{"start":{"line":344,"column":4},"end":{"line":344,"column":null}},"101":{"start":{"line":347,"column":2},"end":{"line":347,"column":null}},"102":{"start":{"line":351,"column":15},"end":{"line":351,"column":null}},"103":{"start":{"line":352,"column":16},"end":{"line":352,"column":null}},"104":{"start":{"line":353,"column":8},"end":{"line":353,"column":null}},"105":{"start":{"line":356,"column":38},"end":{"line":356,"column":null}},"106":{"start":{"line":358,"column":2},"end":{"line":360,"column":null}},"107":{"start":{"line":359,"column":4},"end":{"line":359,"column":null}},"108":{"start":{"line":362,"column":2},"end":{"line":368,"column":null}},"109":{"start":{"line":363,"column":4},"end":{"line":367,"column":null}},"110":{"start":{"line":364,"column":6},"end":{"line":364,"column":null}},"111":{"start":{"line":366,"column":6},"end":{"line":366,"column":null}},"112":{"start":{"line":370,"column":2},"end":{"line":372,"column":null}},"113":{"start":{"line":371,"column":4},"end":{"line":371,"column":null}},"114":{"start":{"line":375,"column":54},"end":{"line":375,"column":null}},"115":{"start":{"line":376,"column":20},"end":{"line":376,"column":null}},"116":{"start":{"line":377,"column":25},"end":{"line":377,"column":null}},"117":{"start":{"line":379,"column":2},"end":{"line":394,"column":null}},"118":{"start":{"line":381,"column":6},"end":{"line":381,"column":null}},"119":{"start":{"line":382,"column":6},"end":{"line":382,"column":null}},"120":{"start":{"line":384,"column":6},"end":{"line":384,"column":null}},"121":{"start":{"line":385,"column":6},"end":{"line":385,"column":null}},"122":{"start":{"line":387,"column":6},"end":{"line":387,"column":null}},"123":{"start":{"line":388,"column":6},"end":{"line":388,"column":null}},"124":{"start":{"line":390,"column":6},"end":{"line":390,"column":null}},"125":{"start":{"line":391,"column":6},"end":{"line":391,"column":null}},"126":{"start":{"line":393,"column":6},"end":{"line":393,"column":null}},"127":{"start":{"line":396,"column":29},"end":{"line":419,"column":null}},"128":{"start":{"line":421,"column":21},"end":{"line":421,"column":null}},"129":{"start":{"line":423,"column":2},"end":{"line":432,"column":null}},"130":{"start":{"line":441,"column":22},"end":{"line":446,"column":null}},"131":{"start":{"line":442,"column":2},"end":{"line":442,"column":null}},"132":{"start":{"line":442,"column":27},"end":{"line":442,"column":null}},"133":{"start":{"line":443,"column":2},"end":{"line":443,"column":null}},"134":{"start":{"line":443,"column":24},"end":{"line":443,"column":null}},"135":{"start":{"line":444,"column":2},"end":{"line":444,"column":null}},"136":{"start":{"line":444,"column":25},"end":{"line":444,"column":null}},"137":{"start":{"line":445,"column":2},"end":{"line":445,"column":null}},"138":{"start":{"line":449,"column":38},"end":{"line":451,"column":null}},"139":{"start":{"line":453,"column":2},"end":{"line":458,"column":null}},"140":{"start":{"line":454,"column":4},"end":{"line":457,"column":null}},"141":{"start":{"line":460,"column":2},"end":{"line":465,"column":null}},"142":{"start":{"line":461,"column":22},"end":{"line":461,"column":null}},"143":{"start":{"line":462,"column":4},"end":{"line":464,"column":null}},"144":{"start":{"line":463,"column":6},"end":{"line":463,"column":null}},"145":{"start":{"line":467,"column":29},"end":{"line":467,"column":null}},"146":{"start":{"line":468,"column":2},"end":{"line":470,"column":null}},"147":{"start":{"line":469,"column":4},"end":{"line":469,"column":null}},"148":{"start":{"line":472,"column":8},"end":{"line":472,"column":null}},"149":{"start":{"line":474,"column":29},"end":{"line":495,"column":null}},"150":{"start":{"line":497,"column":21},"end":{"line":497,"column":null}},"151":{"start":{"line":499,"column":2},"end":{"line":509,"column":null}},"152":{"start":{"line":513,"column":2},"end":{"line":531,"column":null}},"153":{"start":{"line":535,"column":25},"end":{"line":551,"column":null}},"154":{"start":{"line":553,"column":2},"end":{"line":559,"column":null}},"155":{"start":{"line":554,"column":20},"end":{"line":554,"column":30}},"156":{"start":{"line":555,"column":18},"end":{"line":559,"column":6}},"157":{"start":{"line":563,"column":17},"end":{"line":576,"column":null}},"158":{"start":{"line":578,"column":2},"end":{"line":581,"column":null}},"159":{"start":{"line":579,"column":20},"end":{"line":579,"column":31}},"160":{"start":{"line":580,"column":40},"end":{"line":580,"column":54}},"161":{"start":{"line":581,"column":37},"end":{"line":581,"column":67}},"162":{"start":{"line":585,"column":2},"end":{"line":604,"column":null}}},"fnMap":{"0":{"name":"uploadDogPhoto","decl":{"start":{"line":24,"column":15},"end":{"line":24,"column":30}},"loc":{"start":{"line":24,"column":59},"end":{"line":50,"column":null}},"line":24},"1":{"name":"createDog","decl":{"start":{"line":52,"column":22},"end":{"line":52,"column":32}},"loc":{"start":{"line":52,"column":81},"end":{"line":133,"column":null}},"line":52},"2":{"name":"updateDog","decl":{"start":{"line":135,"column":22},"end":{"line":135,"column":32}},"loc":{"start":{"line":135,"column":91},"end":{"line":237,"column":null}},"line":135},"3":{"name":"uploadAndSetDogImage","decl":{"start":{"line":239,"column":22},"end":{"line":239,"column":43}},"loc":{"start":{"line":239,"column":130},"end":{"line":293,"column":null}},"line":239},"4":{"name":"(anonymous_4)","decl":{"start":{"line":248,"column":46},"end":{"line":248,"column":55}},"loc":{"start":{"line":248,"column":55},"end":{"line":248,"column":98}},"line":248},"5":{"name":"deleteDog","decl":{"start":{"line":295,"column":22},"end":{"line":295,"column":32}},"loc":{"start":{"line":295,"column":71},"end":{"line":327,"column":null}},"line":295},"6":{"name":"getDogById","decl":{"start":{"line":329,"column":22},"end":{"line":329,"column":33}},"loc":{"start":{"line":329,"column":45},"end":{"line":348,"column":null}},"line":329},"7":{"name":"getAllDogs","decl":{"start":{"line":350,"column":22},"end":{"line":350,"column":33}},"loc":{"start":{"line":350,"column":87},"end":{"line":433,"column":null}},"line":350},"8":{"name":"(anonymous_8)","decl":{"start":{"line":441,"column":22},"end":{"line":441,"column":23}},"loc":{"start":{"line":441,"column":42},"end":{"line":446,"column":null}},"line":441},"9":{"name":"getAvailableDogs","decl":{"start":{"line":448,"column":22},"end":{"line":448,"column":39}},"loc":{"start":{"line":448,"column":90},"end":{"line":510,"column":null}},"line":448},"10":{"name":"getShelterDogs","decl":{"start":{"line":512,"column":22},"end":{"line":512,"column":39}},"loc":{"start":{"line":512,"column":39},"end":{"line":532,"column":null}},"line":512},"11":{"name":"getPotentialFosters","decl":{"start":{"line":534,"column":22},"end":{"line":534,"column":44}},"loc":{"start":{"line":534,"column":44},"end":{"line":560,"column":null}},"line":534},"12":{"name":"(anonymous_12)","decl":{"start":{"line":554,"column":12},"end":{"line":554,"column":13}},"loc":{"start":{"line":554,"column":20},"end":{"line":554,"column":30}},"line":554},"13":{"name":"(anonymous_13)","decl":{"start":{"line":555,"column":9},"end":{"line":555,"column":10}},"loc":{"start":{"line":555,"column":18},"end":{"line":559,"column":6}},"line":555},"14":{"name":"getUniqueBreeds","decl":{"start":{"line":562,"column":22},"end":{"line":562,"column":40}},"loc":{"start":{"line":562,"column":40},"end":{"line":582,"column":null}},"line":562},"15":{"name":"(anonymous_15)","decl":{"start":{"line":579,"column":9},"end":{"line":579,"column":10}},"loc":{"start":{"line":579,"column":20},"end":{"line":579,"column":31}},"line":579},"16":{"name":"(anonymous_16)","decl":{"start":{"line":580,"column":12},"end":{"line":580,"column":13}},"loc":{"start":{"line":580,"column":40},"end":{"line":580,"column":54}},"line":580},"17":{"name":"(anonymous_17)","decl":{"start":{"line":581,"column":12},"end":{"line":581,"column":13}},"loc":{"start":{"line":581,"column":37},"end":{"line":581,"column":67}},"line":581},"18":{"name":"getAdoptedDogs","decl":{"start":{"line":584,"column":22},"end":{"line":584,"column":39}},"loc":{"start":{"line":584,"column":39},"end":{"line":605,"column":null}},"line":584}},"branchMap":{"0":{"loc":{"start":{"line":36,"column":2},"end":{"line":38,"column":null}},"type":"if","locations":[{"start":{"line":36,"column":2},"end":{"line":38,"column":null}},{"start":{},"end":{}}],"line":36},"1":{"loc":{"start":{"line":45,"column":2},"end":{"line":47,"column":null}},"type":"if","locations":[{"start":{"line":45,"column":2},"end":{"line":47,"column":null}},{"start":{},"end":{}}],"line":45},"2":{"loc":{"start":{"line":57,"column":4},"end":{"line":65,"column":null}},"type":"if","locations":[{"start":{"line":57,"column":4},"end":{"line":65,"column":null}},{"start":{},"end":{}}],"line":57},"3":{"loc":{"start":{"line":78,"column":24},"end":{"line":78,"column":null}},"type":"binary-expr","locations":[{"start":{"line":78,"column":24},"end":{"line":78,"column":34}},{"start":{"line":78,"column":34},"end":{"line":78,"column":null}}],"line":78},"4":{"loc":{"start":{"line":80,"column":4},"end":{"line":87,"column":null}},"type":"if","locations":[{"start":{"line":80,"column":4},"end":{"line":87,"column":null}},{"start":{},"end":{}}],"line":80},"5":{"loc":{"start":{"line":80,"column":8},"end":{"line":80,"column":65}},"type":"binary-expr","locations":[{"start":{"line":80,"column":8},"end":{"line":80,"column":47}},{"start":{"line":80,"column":47},"end":{"line":80,"column":65}}],"line":80},"6":{"loc":{"start":{"line":93,"column":4},"end":{"line":101,"column":null}},"type":"if","locations":[{"start":{"line":93,"column":4},"end":{"line":101,"column":null}},{"start":{},"end":{}}],"line":93},"7":{"loc":{"start":{"line":93,"column":8},"end":{"line":93,"column":47}},"type":"binary-expr","locations":[{"start":{"line":93,"column":8},"end":{"line":93,"column":32}},{"start":{"line":93,"column":32},"end":{"line":93,"column":47}}],"line":93},"8":{"loc":{"start":{"line":112,"column":25},"end":{"line":112,"column":null}},"type":"cond-expr","locations":[{"start":{"line":112,"column":63},"end":{"line":112,"column":81}},{"start":{"line":112,"column":81},"end":{"line":112,"column":null}}],"line":112},"9":{"loc":{"start":{"line":128,"column":15},"end":{"line":128,"column":null}},"type":"cond-expr","locations":[{"start":{"line":128,"column":40},"end":{"line":128,"column":56}},{"start":{"line":128,"column":56},"end":{"line":128,"column":null}}],"line":128},"10":{"loc":{"start":{"line":142,"column":4},"end":{"line":153,"column":null}},"type":"if","locations":[{"start":{"line":142,"column":4},"end":{"line":153,"column":null}},{"start":{},"end":{}}],"line":142},"11":{"loc":{"start":{"line":142,"column":8},"end":{"line":142,"column":31}},"type":"binary-expr","locations":[{"start":{"line":142,"column":8},"end":{"line":142,"column":16}},{"start":{"line":142,"column":16},"end":{"line":142,"column":31}}],"line":142},"12":{"loc":{"start":{"line":148,"column":19},"end":{"line":148,"column":null}},"type":"cond-expr","locations":[{"start":{"line":148,"column":44},"end":{"line":148,"column":60}},{"start":{"line":148,"column":60},"end":{"line":148,"column":null}}],"line":148},"13":{"loc":{"start":{"line":156,"column":4},"end":{"line":164,"column":null}},"type":"if","locations":[{"start":{"line":156,"column":4},"end":{"line":164,"column":null}},{"start":{},"end":{}}],"line":156},"14":{"loc":{"start":{"line":177,"column":24},"end":{"line":177,"column":null}},"type":"binary-expr","locations":[{"start":{"line":177,"column":24},"end":{"line":177,"column":34}},{"start":{"line":177,"column":34},"end":{"line":177,"column":null}}],"line":177},"15":{"loc":{"start":{"line":179,"column":4},"end":{"line":186,"column":null}},"type":"if","locations":[{"start":{"line":179,"column":4},"end":{"line":186,"column":null}},{"start":{},"end":{}}],"line":179},"16":{"loc":{"start":{"line":179,"column":8},"end":{"line":179,"column":65}},"type":"binary-expr","locations":[{"start":{"line":179,"column":8},"end":{"line":179,"column":47}},{"start":{"line":179,"column":47},"end":{"line":179,"column":65}}],"line":179},"17":{"loc":{"start":{"line":206,"column":23},"end":{"line":206,"column":null}},"type":"cond-expr","locations":[{"start":{"line":206,"column":61},"end":{"line":206,"column":79}},{"start":{"line":206,"column":79},"end":{"line":206,"column":null}}],"line":206},"18":{"loc":{"start":{"line":209,"column":4},"end":{"line":211,"column":null}},"type":"if","locations":[{"start":{"line":209,"column":4},"end":{"line":211,"column":null}},{"start":{},"end":{}}],"line":209},"19":{"loc":{"start":{"line":232,"column":15},"end":{"line":232,"column":null}},"type":"cond-expr","locations":[{"start":{"line":232,"column":40},"end":{"line":232,"column":56}},{"start":{"line":232,"column":56},"end":{"line":232,"column":null}}],"line":232},"20":{"loc":{"start":{"line":243,"column":22},"end":{"line":243,"column":81}},"type":"cond-expr","locations":[{"start":{"line":243,"column":47},"end":{"line":243,"column":63}},{"start":{"line":243,"column":63},"end":{"line":243,"column":81}}],"line":243},"21":{"loc":{"start":{"line":247,"column":2},"end":{"line":249,"column":null}},"type":"if","locations":[{"start":{"line":247,"column":2},"end":{"line":249,"column":null}},{"start":{},"end":{}}],"line":247},"22":{"loc":{"start":{"line":253,"column":2},"end":{"line":255,"column":null}},"type":"if","locations":[{"start":{"line":253,"column":2},"end":{"line":255,"column":null}},{"start":{},"end":{}}],"line":253},"23":{"loc":{"start":{"line":253,"column":6},"end":{"line":253,"column":32}},"type":"binary-expr","locations":[{"start":{"line":253,"column":6},"end":{"line":253,"column":15}},{"start":{"line":253,"column":15},"end":{"line":253,"column":32}}],"line":253},"24":{"loc":{"start":{"line":265,"column":4},"end":{"line":267,"column":null}},"type":"if","locations":[{"start":{"line":265,"column":4},"end":{"line":267,"column":null}},{"start":{},"end":{}}],"line":265},"25":{"loc":{"start":{"line":273,"column":4},"end":{"line":275,"column":null}},"type":"if","locations":[{"start":{"line":273,"column":4},"end":{"line":275,"column":null}},{"start":{},"end":{}}],"line":273},"26":{"loc":{"start":{"line":291,"column":22},"end":{"line":291,"column":81}},"type":"cond-expr","locations":[{"start":{"line":291,"column":47},"end":{"line":291,"column":63}},{"start":{"line":291,"column":63},"end":{"line":291,"column":81}}],"line":291},"27":{"loc":{"start":{"line":300,"column":4},"end":{"line":308,"column":null}},"type":"if","locations":[{"start":{"line":300,"column":4},"end":{"line":308,"column":null}},{"start":{},"end":{}}],"line":300},"28":{"loc":{"start":{"line":322,"column":15},"end":{"line":322,"column":null}},"type":"cond-expr","locations":[{"start":{"line":322,"column":40},"end":{"line":322,"column":56}},{"start":{"line":322,"column":56},"end":{"line":322,"column":null}}],"line":322},"29":{"loc":{"start":{"line":343,"column":2},"end":{"line":345,"column":null}},"type":"if","locations":[{"start":{"line":343,"column":2},"end":{"line":345,"column":null}},{"start":{},"end":{}}],"line":343},"30":{"loc":{"start":{"line":351,"column":24},"end":{"line":351,"column":49}},"type":"binary-expr","locations":[{"start":{"line":351,"column":24},"end":{"line":351,"column":46}},{"start":{"line":351,"column":46},"end":{"line":351,"column":49}}],"line":351},"31":{"loc":{"start":{"line":352,"column":25},"end":{"line":352,"column":52}},"type":"binary-expr","locations":[{"start":{"line":352,"column":25},"end":{"line":352,"column":48}},{"start":{"line":352,"column":48},"end":{"line":352,"column":52}}],"line":352},"32":{"loc":{"start":{"line":358,"column":2},"end":{"line":360,"column":null}},"type":"if","locations":[{"start":{"line":358,"column":2},"end":{"line":360,"column":null}},{"start":{},"end":{}}],"line":358},"33":{"loc":{"start":{"line":358,"column":6},"end":{"line":358,"column":61}},"type":"binary-expr","locations":[{"start":{"line":358,"column":6},"end":{"line":358,"column":30}},{"start":{"line":358,"column":30},"end":{"line":358,"column":61}}],"line":358},"34":{"loc":{"start":{"line":362,"column":2},"end":{"line":368,"column":null}},"type":"if","locations":[{"start":{"line":362,"column":2},"end":{"line":368,"column":null}},{"start":{},"end":{}}],"line":362},"35":{"loc":{"start":{"line":362,"column":6},"end":{"line":362,"column":79}},"type":"binary-expr","locations":[{"start":{"line":362,"column":6},"end":{"line":362,"column":39}},{"start":{"line":362,"column":39},"end":{"line":362,"column":79}}],"line":362},"36":{"loc":{"start":{"line":363,"column":4},"end":{"line":367,"column":null}},"type":"if","locations":[{"start":{"line":363,"column":4},"end":{"line":367,"column":null}},{"start":{"line":365,"column":11},"end":{"line":367,"column":null}}],"line":363},"37":{"loc":{"start":{"line":370,"column":2},"end":{"line":372,"column":null}},"type":"if","locations":[{"start":{"line":370,"column":2},"end":{"line":372,"column":null}},{"start":{},"end":{}}],"line":370},"38":{"loc":{"start":{"line":370,"column":6},"end":{"line":370,"column":59}},"type":"binary-expr","locations":[{"start":{"line":370,"column":6},"end":{"line":370,"column":29}},{"start":{"line":370,"column":29},"end":{"line":370,"column":59}}],"line":370},"39":{"loc":{"start":{"line":376,"column":20},"end":{"line":376,"column":null}},"type":"binary-expr","locations":[{"start":{"line":376,"column":20},"end":{"line":376,"column":47}},{"start":{"line":376,"column":47},"end":{"line":376,"column":null}}],"line":376},"40":{"loc":{"start":{"line":377,"column":25},"end":{"line":377,"column":null}},"type":"binary-expr","locations":[{"start":{"line":377,"column":25},"end":{"line":377,"column":56}},{"start":{"line":377,"column":56},"end":{"line":377,"column":null}}],"line":377},"41":{"loc":{"start":{"line":379,"column":2},"end":{"line":394,"column":null}},"type":"switch","locations":[{"start":{"line":380,"column":4},"end":{"line":382,"column":null}},{"start":{"line":383,"column":4},"end":{"line":385,"column":null}},{"start":{"line":386,"column":4},"end":{"line":388,"column":null}},{"start":{"line":389,"column":4},"end":{"line":391,"column":null}},{"start":{"line":392,"column":4},"end":{"line":393,"column":null}}],"line":379},"42":{"loc":{"start":{"line":442,"column":2},"end":{"line":442,"column":null}},"type":"if","locations":[{"start":{"line":442,"column":2},"end":{"line":442,"column":null}},{"start":{},"end":{}}],"line":442},"43":{"loc":{"start":{"line":443,"column":2},"end":{"line":443,"column":null}},"type":"if","locations":[{"start":{"line":443,"column":2},"end":{"line":443,"column":null}},{"start":{},"end":{}}],"line":443},"44":{"loc":{"start":{"line":444,"column":2},"end":{"line":444,"column":null}},"type":"if","locations":[{"start":{"line":444,"column":2},"end":{"line":444,"column":null}},{"start":{},"end":{}}],"line":444},"45":{"loc":{"start":{"line":448,"column":39},"end":{"line":448,"column
[...]
ne":213,"column":null}},"type":"cond-expr","locations":[{"start":{"line":213,"column":40},"end":{"line":213,"column":56}},{"start":{"line":213,"column":56},"end":{"line":213,"column":null}}],"line":213}},"s":{"0":7,"1":7,"2":7,"3":7,"4":1,"5":6,"6":1,"7":5,"8":5,"9":5,"10":1,"11":4,"12":4,"13":4,"14":0,"15":4,"16":1,"17":3,"18":1,"19":2,"20":2,"21":1,"22":1,"23":1,"24":1,"25":1,"26":3,"27":4,"28":4,"29":4,"30":4,"31":0,"32":4,"33":1,"34":3,"35":3,"36":3,"37":1,"38":2,"39":1,"40":1,"41":1,"42":0,"43":1,"44":1,"45":1,"46":1,"47":0},"f":{"0":7,"1":4,"2":4},"b":{"0":[1,6],"1":[1,5],"2":[1,4],"3":[0,4],"4":[1,3],"5":[1,2],"6":[1,1],"7":[3,0],"8":[0,4],"9":[1,3],"10":[1,2],"11":[3,2],"12":[1,1],"13":[0,1],"14":[0,0]},"meta":{"lastBranch":15,"lastFunction":3,"lastStatement":48,"seen":{"f:10:22:10:37":0,"s:11:2:122:Infinity":0,"s:12:17:12:Infinity":1,"s:14:26:16:Infinity":2,"b:17:4:24:Infinity:undefined:undefined:undefined:undefined":0,"s:17:4:24:Infinity":3,"s:18:6:23:Infinity":4,"b:26:4:33:Infinity:undefined:undefined:undefined:undefined":1,"s:26:4:33:Infinity":5,"s:27:6:32:Infinity":6,"s:35:24:35:Infinity":7,"s:38:25:45:Infinity":8,"b:47:4:54:Infinity:undefined:undefined:undefined:undefined":2,"s:47:4:54:Infinity":9,"s:48:6:53:Infinity":10,"s:57:4:105:Infinity":11,"f:57:30:57:37":1,"s:59:20:69:Infinity":12,"b:71:6:73:Infinity:undefined:undefined:undefined:undefined":3,"s:71:6:73:Infinity":13,"s:72:8:72:Infinity":14,"b:75:6:77:Infinity:undefined:undefined:undefined:undefined":4,"s:75:6:77:Infinity":15,"s:76:8:76:Infinity":16,"b:80:6:82:Infinity:undefined:undefined:undefined:undefined":5,"s:80:6:82:Infinity":17,"s:81:8:81:Infinity":18,"s:85:29:92:Infinity":19,"b:94:6:96:Infinity:undefined:undefined:undefined:undefined":6,"s:94:6:96:Infinity":20,"s:95:8:95:Infinity":21,"s:99:6:104:Infinity":22,"s:107:4:107:Infinity":23,"s:108:4:108:Infinity":24,"s:109:4:114:Infinity":25,"s:116:4:121:Infinity":26,"b:118:40:118:56:118:56:118:Infinity":7,"f:125:22:125:40":2,"s:126:2:217:Infinity":27,"s:127:17:127:Infinity":28,"s:129:26:131:Infinity":29,"b:132:4:139:Infinity:undefined:undefined:undefined:undefined":8,"s:132:4:139:Infinity":30,"s:133:6:138:Infinity":31,"b:141:4:148:Infinity:undefined:undefined:undefined:undefined":9,"s:141:4:148:Infinity":32,"s:142:6:147:Infinity":33,"s:150:24:150:Infinity":34,"s:153:18:156:Infinity":35,"b:158:4:165:Infinity:undefined:undefined:undefined:undefined":10,"s:158:4:165:Infinity":36,"b:158:8:158:18:158:18:158:35":11,"s:159:6:164:Infinity":37,"b:167:4:174:Infinity:undefined:undefined:undefined:undefined":12,"s:167:4:174:Infinity":38,"s:168:6:173:Infinity":39,"s:177:31:184:Infinity":40,"b:186:4:193:Infinity:undefined:undefined:undefined:undefined":13,"s:186:4:193:Infinity":41,"s:187:6:192:Infinity":42,"s:195:4:200:Infinity":43,"s:202:4:202:Infinity":44,"s:203:4:203:Infinity":45,"s:204:4:209:Infinity":46,"s:211:4:216:Infinity":47,"b:213:40:213:56:213:56:213:Infinity":14}}}
,"/Users/adampeterson/Github/mutts/lib/actions/shift.actions.ts": {"path":"/Users/adampeterson/Github/mutts/lib/actions/shift.actions.ts","statementMap":{"0":{"start":{"line":13,"column":2},"end":{"line":57,"column":null}},"1":{"start":{"line":14,"column":4},"end":{"line":14,"column":null}},"2":{"start":{"line":15,"column":20},"end":{"line":21,"column":null}},"3":{"start":{"line":24,"column":29},"end":{"line":24,"column":null}},"4":{"start":{"line":25,"column":4},"end":{"line":33,"column":null}},"5":{"start":{"line":26,"column":26},"end":{"line":26,"column":null}},"6":{"start":{"line":27,"column":6},"end":{"line":32,"column":null}},"7":{"start":{"line":35,"column":4},"end":{"line":40,"column":null}},"8":{"start":{"line":42,"column":4},"end":{"line":42,"column":null}},"9":{"start":{"line":43,"column":4},"end":{"line":43,"column":null}},"10":{"start":{"line":44,"column":4},"end":{"line":49,"column":null}},"11":{"start":{"line":51,"column":4},"end":{"line":56,"column":null}},"12":{"start":{"line":61,"column":2},"end":{"line":119,"column":null}},"13":{"start":{"line":62,"column":4},"end":{"line":62,"column":null}},"14":{"start":{"line":63,"column":25},"end":{"line":65,"column":null}},"15":{"start":{"line":66,"column":4},"end":{"line":74,"column":null}},"16":{"start":{"line":67,"column":26},"end":{"line":67,"column":null}},"17":{"start":{"line":68,"column":6},"end":{"line":73,"column":null}},"18":{"start":{"line":76,"column":20},"end":{"line":82,"column":null}},"19":{"start":{"line":85,"column":29},"end":{"line":85,"column":null}},"20":{"start":{"line":86,"column":4},"end":{"line":94,"column":null}},"21":{"start":{"line":87,"column":26},"end":{"line":87,"column":null}},"22":{"start":{"line":88,"column":6},"end":{"line":93,"column":null}},"23":{"start":{"line":96,"column":4},"end":{"line":102,"column":null}},"24":{"start":{"line":104,"column":4},"end":{"line":104,"column":null}},"25":{"start":{"line":105,"column":4},"end":{"line":105,"column":null}},"26":{"start":{"line":106,"column":4},"end":{"line":111,"column":null}},"27":{"start":{"line":113,"column":4},"end":{"line":118,"column":null}},"28":{"start":{"line":123,"column":2},"end":{"line":188,"column":null}},"29":{"start":{"line":124,"column":4},"end":{"line":124,"column":null}},"30":{"start":{"line":125,"column":25},"end":{"line":127,"column":null}},"31":{"start":{"line":129,"column":4},"end":{"line":137,"column":null}},"32":{"start":{"line":130,"column":26},"end":{"line":130,"column":null}},"33":{"start":{"line":131,"column":6},"end":{"line":136,"column":null}},"34":{"start":{"line":140,"column":29},"end":{"line":145,"column":null}},"35":{"start":{"line":147,"column":4},"end":{"line":154,"column":null}},"36":{"start":{"line":148,"column":6},"end":{"line":153,"column":null}},"37":{"start":{"line":156,"column":4},"end":{"line":163,"column":null}},"38":{"start":{"line":157,"column":6},"end":{"line":162,"column":null}},"39":{"start":{"line":166,"column":4},"end":{"line":172,"column":null}},"40":{"start":{"line":173,"column":4},"end":{"line":173,"column":null}},"41":{"start":{"line":174,"column":4},"end":{"line":174,"column":null}},"42":{"start":{"line":175,"column":4},"end":{"line":180,"column":null}},"43":{"start":{"line":182,"column":4},"end":{"line":187,"column":null}},"44":{"start":{"line":192,"column":2},"end":{"line":260,"column":null}},"45":{"start":{"line":193,"column":4},"end":{"line":193,"column":null}},"46":{"start":{"line":194,"column":25},"end":{"line":196,"column":null}},"47":{"start":{"line":198,"column":4},"end":{"line":206,"column":null}},"48":{"start":{"line":199,"column":26},"end":{"line":199,"column":null}},"49":{"start":{"line":200,"column":6},"end":{"line":205,"column":null}},"50":{"start":{"line":209,"column":18},"end":{"line":212,"column":null}},"51":{"start":{"line":214,"column":4},"end":{"line":221,"column":null}},"52":{"start":{"line":215,"column":6},"end":{"line":220,"column":null}},"53":{"start":{"line":224,"column":30},"end":{"line":224,"column":null}},"54":{"start":{"line":225,"column":4},"end":{"line":232,"column":null}},"55":{"start":{"line":226,"column":6},"end":{"line":231,"column":null}},"56":{"start":{"line":235,"column":4},"end":{"line":241,"column":null}},"57":{"start":{"line":243,"column":4},"end":{"line":243,"column":null}},"58":{"start":{"line":244,"column":4},"end":{"line":244,"column":null}},"59":{"start":{"line":246,"column":4},"end":{"line":251,"column":null}},"60":{"start":{"line":253,"column":4},"end":{"line":253,"column":null}},"61":{"start":{"line":254,"column":4},"end":{"line":259,"column":null}},"62":{"start":{"line":264,"column":17},"end":{"line":274,"column":null}},"63":{"start":{"line":276,"column":2},"end":{"line":279,"column":null}},"64":{"start":{"line":276,"column":30},"end":{"line":279,"column":4}},"65":{"start":{"line":283,"column":17},"end":{"line":298,"column":null}},"66":{"start":{"line":300,"column":2},"end":{"line":303,"column":null}},"67":{"start":{"line":300,"column":30},"end":{"line":303,"column":4}},"68":{"start":{"line":307,"column":17},"end":{"line":317,"column":null}},"69":{"start":{"line":319,"column":2},"end":{"line":322,"column":null}},"70":{"start":{"line":319,"column":30},"end":{"line":322,"column":4}}},"fnMap":{"0":{"name":"createShift","decl":{"start":{"line":12,"column":22},"end":{"line":12,"column":34}},"loc":{"start":{"line":12,"column":105},"end":{"line":58,"column":null}},"line":12},"1":{"name":"updateShift","decl":{"start":{"line":60,"column":22},"end":{"line":60,"column":34}},"loc":{"start":{"line":60,"column":105},"end":{"line":120,"column":null}},"line":60},"2":{"name":"deleteShift","decl":{"start":{"line":122,"column":22},"end":{"line":122,"column":34}},"loc":{"start":{"line":122,"column":104},"end":{"line":189,"column":null}},"line":122},"3":{"name":"restoreShift","decl":{"start":{"line":191,"column":22},"end":{"line":191,"column":35}},"loc":{"start":{"line":191,"column":105},"end":{"line":261,"column":null}},"line":191},"4":{"name":"getAllShiftsWithSignups","decl":{"start":{"line":263,"column":22},"end":{"line":263,"column":48}},"loc":{"start":{"line":263,"column":48},"end":{"line":280,"column":null}},"line":263},"5":{"name":"(anonymous_5)","decl":{"start":{"line":276,"column":20},"end":{"line":276,"column":30}},"loc":{"start":{"line":276,"column":30},"end":{"line":279,"column":4}},"line":276},"6":{"name":"getMyShifts","decl":{"start":{"line":282,"column":22},"end":{"line":282,"column":34}},"loc":{"start":{"line":282,"column":50},"end":{"line":304,"column":null}},"line":282},"7":{"name":"(anonymous_7)","decl":{"start":{"line":300,"column":20},"end":{"line":300,"column":30}},"loc":{"start":{"line":300,"column":30},"end":{"line":303,"column":4}},"line":300},"8":{"name":"getDeletedShifts","decl":{"start":{"line":306,"column":22},"end":{"line":306,"column":41}},"loc":{"start":{"line":306,"column":41},"end":{"line":323,"column":null}},"line":306},"9":{"name":"(anonymous_9)","decl":{"start":{"line":319,"column":20},"end":{"line":319,"column":30}},"loc":{"start":{"line":319,"column":30},"end":{"line":322,"column":4}},"line":319}},"branchMap":{"0":{"loc":{"start":{"line":17,"column":19},"end":{"line":17,"column":null}},"type":"binary-expr","locations":[{"start":{"line":17,"column":19},"end":{"line":17,"column":60}},{"start":{"line":17,"column":60},"end":{"line":17,"column":null}}],"line":17},"1":{"loc":{"start":{"line":20,"column":21},"end":{"line":20,"column":null}},"type":"binary-expr","locations":[{"start":{"line":20,"column":21},"end":{"line":20,"column":74}},{"start":{"line":20,"column":74},"end":{"line":20,"column":null}}],"line":20},"2":{"loc":{"start":{"line":25,"column":4},"end":{"line":33,"column":null}},"type":"if","locations":[{"start":{"line":25,"column":4},"end":{"line":33,"column":null}},{"start":{},"end":{}}],"line":25},"3":{"loc":{"start":{"line":38,"column":21},"end":{"line":38,"column":null}},"type":"binary-expr","locations":[{"start":{"line":38,"column":21},"end":{"line":38,"column":58}},{"start":{"line":38,"column":58},"end":{"line":38,"column":null}}],"line":38},"4":{"loc":{"start":{"line":53,"column":15},"end":{"line":53,"column":null}},"type":"cond-expr","locations":[{"start":{"line":53,"column":40},"end":{"line":53,"column":56}},{"start":{"line":53,"column":56},"end":{"line":53,"column":null}}],"line":53},"5":{"loc":{"start":{"line":66,"column":4},"end":{"line":74,"column":null}},"type":"if","locations":[{"start":{"line":66,"column":4},"end":{"line":74,"column":null}},{"start":{},"end":{}}],"line":66},"6":{"loc":{"start":{"line":78,"column":19},"end":{"line":78,"column":null}},"type":"binary-expr","locations":[{"start":{"line":78,"column":19},"end":{"line":78,"column":60}},{"start":{"line":78,"column":60},"end":{"line":78,"column":null}}],"line":78},"7":{"loc":{"start":{"line":81,"column":21},"end":{"line":81,"column":null}},"type":"binary-expr","locations":[{"start":{"line":81,"column":21},"end":{"line":81,"column":74}},{"start":{"line":81,"column":74},"end":{"line":81,"column":null}}],"line":81},"8":{"loc":{"start":{"line":86,"column":4},"end":{"line":94,"column":null}},"type":"if","locations":[{"start":{"line":86,"column":4},"end":{"line":94,"column":null}},{"start":{},"end":{}}],"line":86},"9":{"loc":{"start":{"line":100,"column":21},"end":{"line":100,"column":null}},"type":"binary-expr","locations":[{"start":{"line":100,"column":21},"end":{"line":100,"column":58}},{"start":{"line":100,"column":58},"end":{"line":100,"column":null}}],"line":100},"10":{"loc":{"start":{"line":115,"column":15},"end":{"line":115,"column":null}},"type":"cond-expr","locations":[{"start":{"line":115,"column":40},"end":{"line":115,"column":56}},{"start":{"line":115,"column":56},"end":{"line":115,"column":null}}],"line":115},"11":{"loc":{"start":{"line":129,"column":4},"end":{"line":137,"column":null}},"type":"if","locations":[{"start":{"line":129,"column":4},"end":{"line":137,"column":null}},{"start":{},"end":{}}],"line":129},"12":{"loc":{"start":{"line":147,"column":4},"end":{"line":154,"column":null}},"type":"if","locations":[{"start":{"line":147,"column":4},"end":{"line":154,"column":null}},{"start":{},"end":{}}],"line":147},"13":{"loc":{"start":{"line":156,"column":4},"end":{"line":163,"column":null}},"type":"if","locations":[{"start":{"line":156,"column":4},"end":{"line":163,"column":null}},{"start":{},"end":{}}],"line":156},"14":{"loc":{"start":{"line":184,"column":15},"end":{"line":184,"column":null}},"type":"cond-expr","locations":[{"start":{"line":184,"column":40},"end":{"line":184,"column":56}},{"start":{"line":184,"column":56},"end":{"line":184,"column":null}}],"line":184},"15":{"loc":{"start":{"line":198,"column":4},"end":{"line":206,"column":null}},"type":"if","locations":[{"start":{"line":198,"column":4},"end":{"line":206,"column":null}},{"start":{},"end":{}}],"line":198},"16":{"loc":{"start":{"line":214,"column":4},"end":{"line":221,"column":null}},"type":"if","locations":[{"start":{"line":214,"column":4},"end":{"line":221,"column":null}},{"start":{},"end":{}}],"line":214},"17":{"loc":{"start":{"line":214,"column":8},"end":{"line":214,"column":56}},"type":"binary-expr","locations":[{"start":{"line":214,"column":8},"end":{"line":214,"column":18}},{"start":{"line":214,"column":18},"end":{"line":214,"column":38}},{"start":{"line":214,"column":38},"end":{"line":214,"column":56}}],"line":214},"18":{"loc":{"start":{"line":225,"column":4},"end":{"line":232,"column":null}},"type":"if","locations":[{"start":{"line":225,"column":4},"end":{"line":232,"column":null}},{"start":{},"end":{}}],"line":225}},"s":{"0":5,"1":5,"2":5,"3":5,"4":5,"5":1,"6":1,"7":4,"8":2,"9":2,"10":2,"11":2,"12":3,"13":3,"14":3,"15":3,"16":2,"17":2,"18":1,"19":3,"20":3,"21":0,"22":0,"23":1,"24":1,"25":1,"26":1,"27":0,"28":3,"29":3,"30":3,"31":3,"32":1,"33":1,"34":2,"35":2,"36":0,"37":2,"38":0,"39":2,"40":1,"41":1,"42":1,"43":1,"44":0,"45":0,"46":0,"47":0,"48":0,"49":0,"50":0,"51":0,"52":0,"53":0,"54":0,"55":0,"56":0,"57":0,"58":0,"59":0,"60":0,"61":0,"62":2,"63":2,"64":2,"65":2,"66":2,"67":1,"68":0,"69":0,"70":0},"f":{"0":5,"1":3,"2":3,"3":0,"4":2,"5":2,"6":2,"7":1,"8":0,"9":0},"b":{"0":[5,4],"1":[5,1],"2":[1,4],"3":[4,2],"4":[1,1],"5":[2,1],"6":[1,0],"7":[3,0],"8":[0,3],"9":[1,0],"10":[0,0],"11":[1,2],"12":[0,2],"13":[0,2],"14":[1,0],"15":[0,0],"16":[0,0],"17":[0,0,0],"18":[0,0]},"meta":{"lastBranch":19,"lastFunction":10,"lastStatement":71,"seen":{"f:12:22:12:34":0,"s:13:2:57:Infinity":0,"s:14:4:14:Infinity":1,"s:15:20:21:Infinity":2,"b:17:19:17:60:17:60:17:Infinity":0,"b:20:21:20:74:20:74:20:Infinity":1,"s:24:29:24:Infinity":3,"b:25:4:33:Infinity:undefined:undefined:undefined:undefined":2,"s:25:4:33:Infinity":4,"s:26:26:26:Infinity":5,"s:27:6:32:Infinity":6,"s:35:4:40:Infinity":7,"b:38:21:38:58:38:58:38:Infinity":3,"s:42:4:42:Infinity":8,"s:43:4:43:Infinity":9,"s:44:4:49:Infinity":10,"s:51:4:56:Infinity":11,"b:53:40:53:56:53:56:53:Infinity":4,"f:60:22:60:34":1,"s:61:2:119:Infinity":12,"s:62:4:62:Infinity":13,"s:63:25:65:Infinity":14,"b:66:4:74:Infinity:undefined:undefined:undefined:undefined":5,"s:66:4:74:Infinity":15,"s:67:26:67:Infinity":16,"s:68:6:73:Infinity":17,"s:76:20:82:Infinity":18,"b:78:19:78:60:78:60:78:Infinity":6,"b:81:21:81:74:81:74:81:Infinity":7,"s:85:29:85:Infinity":19,"b:86:4:94:Infinity:undefined:undefined:undefined:undefined":8,"s:86:4:94:Infinity":20,"s:87:26:87:Infinity":21,"s:88:6:93:Infinity":22,"s:96:4:102:Infinity":23,"b:100:21:100:58:100:58:100:Infinity":9,"s:104:4:104:Infinity":24,"s:105:4:105:Infinity":25,"s:106:4:111:Infinity":26,"s:113:4:118:Infinity":27,"b:115:40:115:56:115:56:115:Infinity":10,"f:122:22:122:34":2,"s:123:2:188:Infinity":28,"s:124:4:124:Infinity":29,"s:125:25:127:Infinity":30,"b:129:4:137:Infinity:undefined:undefined:undefined:undefined":11,"s:129:4:137:Infinity":31,"s:130:26:130:Infinity":32,"s:131:6:136:Infinity":33,"s:140:29:145:Infinity":34,"b:147:4:154:Infinity:undefined:undefined:undefined:undefined":12,"s:147:4:154:Infinity":35,"s:148:6:153:Infinity":36,"b:156:4:163:Infinity:undefined:undefined:undefined:undefined":13,"s:156:4:163:Infinity":37,"s:157:6:162:Infinity":38,"s:166:4:172:Infinity":39,"s:173:4:173:Infinity":40,"s:174:4:174:Infinity":41,"s:175:4:180:Infinity":42,"s:182:4:187:Infinity":43,"b:184:40:184:56:184:56:184:Infinity":14,"f:191:22:191:35":3,"s:192:2:260:Infinity":44,"s:193:4:193:Infinity":45,"s:194:25:196:Infinity":46,"b:198:4:206:Infinity:undefined:undefined:undefined:undefined":15,"s:198:4:206:Infinity":47,"s:199:26:199:Infinity":48,"s:200:6:205:Infinity":49,"s:209:18:212:Infinity":50,"b:214:4:221:Infinity:undefined:undefined:undefined:undefined":16,"s:214:4:221:Infinity":51,"b:214:8:214:18:214:18:214:38:214:38:214:56":17,"s:215:6:220:Infinity":52,"s:224:30:224:Infinity":53,"b:225:4:232:Infinity:undefined:undefined:undefined:undefined":18,"s:225:4:232:Infinity":54,"s:226:6:231:Infinity":55,"s:235:4:241:Infinity":56,"s:243:4:243:Infinity":57,"s:244:4:244:Infinity":58,"s:246:4:251:Infinity":59,"s:253:4:253:Infinity":60,"s:254:4:259:Infinity":61,"f:263:22:263:48":4,"s:264:17:274:Infinity":62,"s:276:2:279:Infinity":63,"f:276:20:276:30":5,"s:276:30:279:4":64,"f:282:22:282:34":6,"s:283:17:298:Infinity":65,"s:300:2:303:Infinity":66,"f:300:20:300:30":7,"s:300:30:303:4":67,"f:306:22:306:41":8,"s:307:17:317:Infinity":68,"s:319:2:322:Infinity":69,"f:319:20:319:30":9,"s:319:30:322:4":70}}}
,"/Users/adampeterson/Github/mutts/lib/zod/applicationSchema.ts": {"path":"/Users/adampeterson/Github/mutts/lib/zod/applicationSchema.ts","statementMap":{"0":{"start":{"line":5,"column":29},"end":{"line":20,"column":null}},"1":{"start":{"line":22,"column":33},"end":{"line":35,"column":null}}},"fnMap":{},"branchMap":{},"s":{"0":7,"1":7},"f":{},"b":{},"meta":{"lastBranch":0,"lastFunction":0,"lastStatement":2,"seen":{"s:5:29:20:Infinity":0,"s:22:33:35:Infinity":1}}}
,"/Users/adampeterson/Github/mutts/lib/zod/shift.schema.ts": {"path":"/Users/adampeterson/Github/mutts/lib/zod/shift.schema.ts","statementMap":{"0":{"start":{"line":5,"column":27},"end":{"line":16,"column":null}},"1":{"start":{"line":9,"column":21},"end":{"line":9,"column":46}},"2":{"start":{"line":11,"column":21},"end":{"line":11,"column":46}},"3":{"start":{"line":13,"column":20},"end":{"line":13,"column":71}}},"fnMap":{"0":{"name":"(anonymous_0)","decl":{"start":{"line":9,"column":12},"end":{"line":9,"column":13}},"loc":{"start":{"line":9,"column":21},"end":{"line":9,"column":46}},"line":9},"1":{"name":"(anonymous_1)","decl":{"start":{"line":11,"column":12},"end":{"line":11,"column":13}},"loc":{"start":{"line":11,"column":21},"end":{"line":11,"column":46}},"line":11},"2":{"name":"(anonymous_2)","decl":{"start":{"line":13,"column":10},"end":{"line":13,"column":11}},"loc":{"start":{"line":13,"column":20},"end":{"line":13,"column":71}},"line":13}},"branchMap":{},"s":{"0":6,"1":24,"2":24,"3":23},"f":{"0":24,"1":24,"2":23},"b":{},"meta":{"lastBranch":0,"lastFunction":3,"lastStatement":4,"seen":{"s:5:27:16:Infinity":0,"f:9:12:9:13":0,"s:9:21:9:46":1,"f:11:12:11:13":1,"s:11:21:11:46":2,"f:13:10:13:11":2,"s:13:20:13:71":3}}}
}
